2020-06-02 12:43:50 [scrapy] DEBUG: Crawled (200) <GET https://www.yelp.com/> (referer: None)
2020-06-02 12:44:05 [scrapy] DEBUG: Crawled (200) <GET https://www.yelp.com/search?find_desc=Japanese+Restaurants&find_loc=San+Diego%2C+CA&ns=1> (referer: https://www.yelp.com/)
2020-06-02 12:44:11 [scrapy] DEBUG: Crawled (200) <GET https://www.yelp.com/search?find_desc=Japanese%20Restaurants&find_loc=San%20Diego%2C%20CA&start=30> (referer: https://www.yelp.com/search?find_desc=Japanese+Restaurants&find_loc=San+Diego%2C+CA&ns=1)
2020-06-02 12:44:18 [scrapy] DEBUG: Crawled (200) <GET https://www.yelp.com/search?find_desc=Japanese%20Restaurants&find_loc=San%20Diego%2C%20CA&start=60> (referer: https://www.yelp.com/search?find_desc=Japanese%20Restaurants&find_loc=San%20Diego%2C%20CA&start=30)
2020-06-02 12:44:24 [scrapy] DEBUG: Crawled (200) <GET https://www.yelp.com/search?find_desc=Japanese%20Restaurants&find_loc=San%20Diego%2C%20CA&start=90> (referer: https://www.yelp.com/search?find_desc=Japanese%20Restaurants&find_loc=San%20Diego%2C%20CA&start=60)
2020-06-02 12:44:30 [scrapy] DEBUG: Crawled (200) <GET https://www.yelp.com/search?find_desc=Japanese%20Restaurants&find_loc=San%20Diego%2C%20CA&start=120> (referer: https://www.yelp.com/search?find_desc=Japanese%20Restaurants&find_loc=San%20Diego%2C%20CA&start=90)
2020-06-02 12:44:35 [scrapy] DEBUG: Crawled (200) <GET https://www.yelp.com/search?find_desc=Japanese%20Restaurants&find_loc=San%20Diego%2C%20CA&start=150> (referer: https://www.yelp.com/search?find_desc=Japanese%20Restaurants&find_loc=San%20Diego%2C%20CA&start=120)
2020-06-02 12:44:41 [scrapy] DEBUG: Crawled (200) <GET https://www.yelp.com/search?find_desc=Japanese%20Restaurants&find_loc=San%20Diego%2C%20CA&start=180> (referer: https://www.yelp.com/search?find_desc=Japanese%20Restaurants&find_loc=San%20Diego%2C%20CA&start=150)
2020-06-02 12:44:46 [scrapy] DEBUG: Crawled (200) <GET https://www.yelp.com/search?find_desc=Japanese%20Restaurants&find_loc=San%20Diego%2C%20CA&start=210> (referer: https://www.yelp.com/search?find_desc=Japanese%20Restaurants&find_loc=San%20Diego%2C%20CA&start=180)
2020-06-02 12:44:51 [scrapy] DEBUG: Crawled (200) <GET https://www.yelp.com/search?find_desc=Japanese%20Restaurants&find_loc=San%20Diego%2C%20CA&start=240> (referer: https://www.yelp.com/search?find_desc=Japanese%20Restaurants&find_loc=San%20Diego%2C%20CA&start=210)
2020-06-02 12:44:56 [scrapy] DEBUG: Crawled (200) <GET https://www.yelp.com/search?find_desc=Japanese%20Restaurants&find_loc=San%20Diego%2C%20CA&start=270> (referer: https://www.yelp.com/search?find_desc=Japanese%20Restaurants&find_loc=San%20Diego%2C%20CA&start=240)
2020-06-02 12:45:02 [scrapy] DEBUG: Crawled (200) <GET https://www.yelp.com/search?find_desc=Japanese%20Restaurants&find_loc=San%20Diego%2C%20CA&start=300> (referer: https://www.yelp.com/search?find_desc=Japanese%20Restaurants&find_loc=San%20Diego%2C%20CA&start=270)
2020-06-02 12:45:07 [scrapy] DEBUG: Crawled (200) <GET https://www.yelp.com/search?find_desc=Japanese%20Restaurants&find_loc=San%20Diego%2C%20CA&start=330> (referer: https://www.yelp.com/search?find_desc=Japanese%20Restaurants&find_loc=San%20Diego%2C%20CA&start=300)
2020-06-02 12:45:12 [scrapy] DEBUG: Crawled (200) <GET https://www.yelp.com/search?find_desc=Japanese%20Restaurants&find_loc=San%20Diego%2C%20CA&start=360> (referer: https://www.yelp.com/search?find_desc=Japanese%20Restaurants&find_loc=San%20Diego%2C%20CA&start=330)
2020-06-02 12:45:17 [scrapy] DEBUG: Crawled (200) <GET https://www.yelp.com/search?find_desc=Japanese%20Restaurants&find_loc=San%20Diego%2C%20CA&start=390> (referer: https://www.yelp.com/search?find_desc=Japanese%20Restaurants&find_loc=San%20Diego%2C%20CA&start=360)
2020-06-02 12:45:23 [scrapy] DEBUG: Crawled (200) <GET https://www.yelp.com/search?find_desc=Japanese%20Restaurants&find_loc=San%20Diego%2C%20CA&start=420> (referer: https://www.yelp.com/search?find_desc=Japanese%20Restaurants&find_loc=San%20Diego%2C%20CA&start=390)
2020-06-02 12:45:28 [scrapy] DEBUG: Crawled (200) <GET https://www.yelp.com/search?find_desc=Japanese%20Restaurants&find_loc=San%20Diego%2C%20CA&start=450> (referer: https://www.yelp.com/search?find_desc=Japanese%20Restaurants&find_loc=San%20Diego%2C%20CA&start=420)
2020-06-02 12:45:33 [scrapy] DEBUG: Crawled (200) <GET https://www.yelp.com/search?find_desc=Japanese%20Restaurants&find_loc=San%20Diego%2C%20CA&start=480> (referer: https://www.yelp.com/search?find_desc=Japanese%20Restaurants&find_loc=San%20Diego%2C%20CA&start=450)
2020-06-02 12:45:38 [scrapy] DEBUG: Crawled (200) <GET https://www.yelp.com/search?find_desc=Japanese%20Restaurants&find_loc=San%20Diego%2C%20CA&start=510> (referer: https://www.yelp.com/search?find_desc=Japanese%20Restaurants&find_loc=San%20Diego%2C%20CA&start=480)
2020-06-02 12:45:42 [scrapy] DEBUG: Crawled (200) <GET https://www.yelp.com/search?find_desc=Japanese%20Restaurants&find_loc=San%20Diego%2C%20CA&start=540> (referer: https://www.yelp.com/search?find_desc=Japanese%20Restaurants&find_loc=San%20Diego%2C%20CA&start=510)
2020-06-02 12:45:49 [scrapy] DEBUG: Crawled (200) <GET https://www.yelp.com/adredir?ad_business_id=oUU1KkP4_rM_a1UplOR9sg&campaign_id=er9os-1dovAeD7_EFrw_vg&click_origin=search_results&placement=above_search&redirect_url=https%3A%2F%2Fwww.yelp.com%2Fbiz%2Fbeshock-ramen-and-sake-bar-san-diego-4&request_id=c572b0a76134a18d&signature=475e5f91b5caec08731e7c9b1480602de50af03d7e52bf2103b1ddc10037e0e9&slot=0> (referer: https://www.yelp.com/search?find_desc=Japanese%20Restaurants&find_loc=San%20Diego%2C%20CA&start=540)
2020-06-02 12:45:49 [scrapy] DEBUG: Scraped from <200 https://www.yelp.com/biz/beshock-ramen-and-sake-bar-san-diego-4>
{'Direction': 'https://www.yelp.com/map/beshock-ramen-and-sake-bar-san-diego-4',
 'Name': 'BESHOCK Ramen & Sake Bar',
 'phone': '(619) 310-5498',
 'website_link': 'https://www.yelp.com/biz_redir?url=http%3A%2F%2Fbeshockramen.com&website_link_type=website&src_bizid=oUU1KkP4_rM_a1UplOR9sg&cachebuster=1591082144&s=719e3cc95dee3ae21880bd9cd5d146b9dc3af984e3cb33e3c029916491725a2b',
 'website_name': 'beshockramen.com'}
2020-06-02 12:45:55 [scrapy] DEBUG: Crawled (200) <GET https://www.yelp.com/adredir?ad_business_id=m7Rw-yPOkEW5jqqoM9FuCg&campaign_id=xZBAjo7ZbQ1F1S9b01q0aA&click_origin=search_results&placement=above_search&redirect_url=https%3A%2F%2Fwww.yelp.com%2Fbiz%2Fototo-sushi-san-diego-34&request_id=c572b0a76134a18d&signature=7fb4ce1e94afe554de4125b3dd27f09155aeb57dc41076d1747ff11ae5dea01d&slot=1> (referer: https://www.yelp.com/biz/beshock-ramen-and-sake-bar-san-diego-4)
2020-06-02 12:45:56 [scrapy] DEBUG: Scraped from <200 https://www.yelp.com/biz/ototo-sushi-san-diego-34>
{'Direction': 'https://www.yelp.com/map/ototo-sushi-san-diego-34',
 'Name': 'Ototo Sushi',
 'phone': '(619) 224-0100',
 'website_link': 'https://www.yelp.com/biz_redir?url=http%3A%2F%2Fwww.ototosushico.com&website_link_type=website&src_bizid=m7Rw-yPOkEW5jqqoM9FuCg&cachebuster=1591082150&s=28a4e6e5ab085c16a1ee7583255ba64d01e09472741b06f6cdb5bdc4d19fc5bd',
 'website_name': 'ototosushico.com'}
2020-06-02 12:46:01 [scrapy] DEBUG: Crawled (200) <GET https://www.yelp.com/biz/wa-dining-okan-san-diego-2?osq=Japanese+Restaurants> (referer: https://www.yelp.com/biz/ototo-sushi-san-diego-34)
2020-06-02 12:46:02 [scrapy] DEBUG: Scraped from <200 https://www.yelp.com/biz/wa-dining-okan-san-diego-2?osq=Japanese+Restaurants>
{'Direction': 'https://www.yelp.com/map/wa-dining-okan-san-diego-2',
 'Name': 'Wa Dining OKAN',
 'phone': '(858) 279-0941',
 'website_link': 'https://www.yelp.com/biz_redir?url=http%3A%2F%2Fwadiningokan.top-cafes.com&website_link_type=website&src_bizid=9ylUZ4hPyg7UVcZn6cp4gA&cachebuster=1591082157&s=66546bc0cf2f1fd912b226871bb321b75d7726208795e57a42f31f4dd89d957f',
 'website_name': 'wadiningokan.top-cafes.com'}
2020-06-02 12:46:07 [scrapy] DEBUG: Crawled (200) <GET https://www.yelp.com/biz/azuki-sushi-san-diego-2?osq=Japanese+Restaurants> (referer: https://www.yelp.com/biz/wa-dining-okan-san-diego-2?osq=Japanese+Restaurants)
2020-06-02 12:46:08 [scrapy] DEBUG: Scraped from <200 https://www.yelp.com/biz/azuki-sushi-san-diego-2?osq=Japanese+Restaurants>
{'Direction': 'https://www.yelp.com/map/azuki-sushi-san-diego-2',
 'Name': 'Azuki Sushi',
 'phone': '(619) 238-4760',
 'website_link': 'https://www.yelp.com/biz_redir?url=http%3A%2F%2Fwww.azukisushi.com&website_link_type=website&src_bizid=O1NFJA0OI0-N77JzP7qlfQ&cachebuster=1591082162&s=85bcf122cf1fe4403bf5e0c29f194ff3b558d9c4bc773c2c3bfe3d3303d84ee4',
 'website_name': 'azukisushi.com'}
2020-06-02 12:46:13 [scrapy] DEBUG: Crawled (200) <GET https://www.yelp.com/biz/yokohama-yakitori-koubou-san-diego-2?osq=Japanese+Restaurants> (referer: https://www.yelp.com/biz/azuki-sushi-san-diego-2?osq=Japanese+Restaurants)
2020-06-02 12:46:14 [scrapy] DEBUG: Scraped from <200 https://www.yelp.com/biz/yokohama-yakitori-koubou-san-diego-2?osq=Japanese+Restaurants>
{'Direction': 'https://www.yelp.com/map/yokohama-yakitori-koubou-san-diego-2',
 'Name': 'Yokohama Yakitori Koubou',
 'phone': '(858) 277-8822',
 'website_link': 'https://www.yelp.com/biz_redir?url=http%3A%2F%2Fwww.yokohamayakitorikoubou.com%2F&website_link_type=website&src_bizid=jl4sx_VhdObAQgRrNb458g&cachebuster=1591082169&s=41546db6b1fe90b47b32c10a6302a0d96f3a9221928129e6e9f197131c48c6df',
 'website_name': 'yokohamayakitorikoubou.com'}
2020-06-02 12:46:20 [scrapy] DEBUG: Crawled (200) <GET https://www.yelp.com/biz/sushi-ota-san-diego?osq=Japanese+Restaurants> (referer: https://www.yelp.com/biz/yokohama-yakitori-koubou-san-diego-2?osq=Japanese+Restaurants)
2020-06-02 12:46:21 [scrapy] DEBUG: Scraped from <200 https://www.yelp.com/biz/sushi-ota-san-diego?osq=Japanese+Restaurants>
{'Direction': 'https://www.yelp.com/map/sushi-ota-san-diego',
 'Name': 'Sushi Ota',
 'phone': '(858) 270-5670',
 'website_link': 'https://www.yelp.com/biz_redir?url=http%3A%2F%2Fwww.sushiota.com%2F&website_link_type=website&src_bizid=3S6VtYgcXL8lRic0iV5GYQ&cachebuster=1591082175&s=740a28359bbcaa90b13becf066419795aba9d92a3e0f0c5651de5c225106b87b',
 'website_name': 'sushiota.com'}
2020-06-02 12:46:26 [scrapy] DEBUG: Crawled (200) <GET https://www.yelp.com/biz/izakaya-masa-san-diego?osq=Japanese+Restaurants> (referer: https://www.yelp.com/biz/sushi-ota-san-diego?osq=Japanese+Restaurants)
2020-06-02 12:46:27 [scrapy] DEBUG: Scraped from <200 https://www.yelp.com/biz/izakaya-masa-san-diego?osq=Japanese+Restaurants>
{'Direction': 'https://www.yelp.com/map/izakaya-masa-san-diego',
 'Name': 'Izakaya Masa',
 'phone': '(619) 542-1354',
 'website_link': 'https://www.yelp.com/biz_redir?url=http%3A%2F%2Fwww.izakayamasa.com&website_link_type=website&src_bizid=1yhgFgMc_QTuayFjROHhCQ&cachebuster=1591082182&s=3d4827ece96ff5cf449b57de2454bf1e8eabf342dc45423733a476fa43e3da44',
 'website_name': 'izakayamasa.com'}
2020-06-02 12:46:31 [scrapy] DEBUG: Crawled (200) <GET https://www.yelp.com/biz/kokoro-restaurant-san-diego-2?osq=Japanese+Restaurants> (referer: https://www.yelp.com/biz/izakaya-masa-san-diego?osq=Japanese+Restaurants)
2020-06-02 12:46:32 [scrapy] DEBUG: Scraped from <200 https://www.yelp.com/biz/kokoro-restaurant-san-diego-2?osq=Japanese+Restaurants>
{'Direction': 'https://www.yelp.com/map/kokoro-restaurant-san-diego-2',
 'Name': 'Kokoro Restaurant',
 'phone': '(858) 565-4113',
 'website_link': 'https://www.yelp.com/biz_redir?url=http%3A%2F%2Fwww.kokoro-restaurant.net&website_link_type=website&src_bizid=fmk13zHLXQ8gtPOVkVGB6w&cachebuster=1591082187&s=ff2c0d2e97370375d0eff563b4d04105bec2f88b9db4988b189dee05f18dec08',
 'website_name': 'kokoro-restaurant.net'}
2020-06-02 12:46:38 [scrapy] DEBUG: Crawled (200) <GET https://www.yelp.com/biz/yakyudori-san-diego?osq=Japanese+Restaurants> (referer: https://www.yelp.com/biz/kokoro-restaurant-san-diego-2?osq=Japanese+Restaurants)
2020-06-02 12:46:39 [scrapy] DEBUG: Scraped from <200 https://www.yelp.com/biz/yakyudori-san-diego?osq=Japanese+Restaurants>
{'Direction': 'https://www.yelp.com/map/yakyudori-san-diego',
 'Name': 'Yakyudori',
 'phone': '(858) 268-2888',
 'website_link': 'https://www.yelp.com/biz_redir?url=http%3A%2F%2Fsandiegoyakyudori.com%2Fpage%2Fyakyudori&website_link_type=website&src_bizid=_T88LJN8whEPe6uovSsb0g&cachebuster=1591082193&s=6bd8f76e485f8e4ba49f0dc7b89f33a834fdfc140980310d025987182e66ed88',
 'website_name': 'sandiegoyakyudori.com/page/yak…'}
2020-06-02 12:46:45 [scrapy] DEBUG: Crawled (200) <GET https://www.yelp.com/biz/ikiru-japanese-san-diego?osq=Japanese+Restaurants> (referer: https://www.yelp.com/biz/yakyudori-san-diego?osq=Japanese+Restaurants)
2020-06-02 12:46:45 [scrapy] DEBUG: Scraped from <200 https://www.yelp.com/biz/ikiru-japanese-san-diego?osq=Japanese+Restaurants>
{'Direction': 'https://www.yelp.com/map/ikiru-japanese-san-diego',
 'Name': 'Ikiru Japanese',
 'phone': '(619) 221-1228',
 'website_link': 'NA',
 'website_name': 'NA'}
2020-06-02 12:46:51 [scrapy] DEBUG: Crawled (200) <GET https://www.yelp.com/biz/ee-nami-tonkatsu-izakaya-san-diego?osq=Japanese+Restaurants> (referer: https://www.yelp.com/biz/ikiru-japanese-san-diego?osq=Japanese+Restaurants)
2020-06-02 12:46:51 [scrapy] DEBUG: Scraped from <200 https://www.yelp.com/biz/ee-nami-tonkatsu-izakaya-san-diego?osq=Japanese+Restaurants>
{'Direction': 'https://www.yelp.com/map/ee-nami-tonkatsu-izakaya-san-diego',
 'Name': 'EE NAMI Tonkatsu Izakaya',
 'phone': '(858) 246-6903',
 'website_link': 'https://www.yelp.com/biz_redir?url=http%3A%2F%2Feenamisd.com&website_link_type=website&src_bizid=7CjC7lj7bXvjPPRb_HqM3g&cachebuster=1591082206&s=912adbe01c03cae883fd272f8b174d4bfd0b6db8e22bcf0c4349f09c94bdd363',
 'website_name': 'eenamisd.com'}
2020-06-02 12:46:57 [scrapy] DEBUG: Crawled (200) <GET https://www.yelp.com/biz/okan-diner-san-diego?osq=Japanese+Restaurants> (referer: https://www.yelp.com/biz/ee-nami-tonkatsu-izakaya-san-diego?osq=Japanese+Restaurants)
2020-06-02 12:46:58 [scrapy] DEBUG: Scraped from <200 https://www.yelp.com/biz/okan-diner-san-diego?osq=Japanese+Restaurants>
{'Direction': 'https://www.yelp.com/map/okan-diner-san-diego',
 'Name': 'Okan Diner',
 'phone': '(858) 278-4228',
 'website_link': 'NA',
 'website_name': 'NA'}
2020-06-02 12:47:03 [scrapy] DEBUG: Crawled (200) <GET https://www.yelp.com/biz/robataya-oton-san-diego-2?osq=Japanese+Restaurants> (referer: https://www.yelp.com/biz/okan-diner-san-diego?osq=Japanese+Restaurants)
2020-06-02 12:47:03 [scrapy] DEBUG: Scraped from <200 https://www.yelp.com/biz/robataya-oton-san-diego-2?osq=Japanese+Restaurants>
{'Direction': 'https://www.yelp.com/map/robataya-oton-san-diego-2',
 'Name': 'Robataya Oton',
 'phone': '(858) 277-3989',
 'website_link': 'https://www.yelp.com/biz_redir?url=https%3A%2F%2Frobatayaotonsd.com&website_link_type=website&src_bizid=rvKODj_feRX-Ti0LyKSNcg&cachebuster=1591082218&s=fc6c55532b980e796b683f5594cb48e34a13f9c0b3949e52b4e4060eb57a17d2',
 'website_name': 'robatayaotonsd.com'}
2020-06-02 12:47:08 [scrapy] DEBUG: Crawled (200) <GET https://www.yelp.com/biz/yakitori-taisho-san-diego?osq=Japanese+Restaurants> (referer: https://www.yelp.com/biz/robataya-oton-san-diego-2?osq=Japanese+Restaurants)
2020-06-02 12:47:09 [scrapy] DEBUG: Scraped from <200 https://www.yelp.com/biz/yakitori-taisho-san-diego?osq=Japanese+Restaurants>
{'Direction': 'https://www.yelp.com/map/yakitori-taisho-san-diego',
 'Name': 'Yakitori Taisho',
 'phone': '(858) 752-0468',
 'website_link': 'https://www.yelp.com/biz_redir?url=http%3A%2F%2Fsandiegoyakyudori.com%2Fpage%2Ftaisho&website_link_type=website&src_bizid=MSK605T_kipDGhx0VMmaZA&cachebuster=1591082224&s=b85ddf7e74e9d70eb293d30b20516f6af161ad6ff90f0a511647ab5d032e490d',
 'website_name': 'sandiegoyakyudori.com'}
2020-06-02 12:47:14 [scrapy] DEBUG: Crawled (200) <GET https://www.yelp.com/biz/soichi-sushi-san-diego-2?osq=Japanese+Restaurants> (referer: https://www.yelp.com/biz/yakitori-taisho-san-diego?osq=Japanese+Restaurants)
2020-06-02 12:47:15 [scrapy] DEBUG: Scraped from <200 https://www.yelp.com/biz/soichi-sushi-san-diego-2?osq=Japanese+Restaurants>
{'Direction': 'https://www.yelp.com/map/soichi-sushi-san-diego-2',
 'Name': 'Soichi Sushi',
 'phone': '(619) 677-2220',
 'website_link': 'https://www.yelp.com/biz_redir?url=https%3A%2F%2Fwww.soichisushi.com&website_link_type=website&src_bizid=TSYhYwOPeaZmRNuiJoZaAw&cachebuster=1591082230&s=1f5dacd88b1b26ea307766e7d783bea8cd6a5713090e7d37d29376cf8bc80172',
 'website_name': 'soichisushi.com'}
2020-06-02 12:47:20 [scrapy] DEBUG: Crawled (200) <GET https://www.yelp.com/biz/ichiro-japanese-restaurant-san-diego-3?osq=Japanese+Restaurants> (referer: https://www.yelp.com/biz/soichi-sushi-san-diego-2?osq=Japanese+Restaurants)
2020-06-02 12:47:21 [scrapy] DEBUG: Scraped from <200 https://www.yelp.com/biz/ichiro-japanese-restaurant-san-diego-3?osq=Japanese+Restaurants>
{'Direction': 'https://www.yelp.com/map/ichiro-japanese-restaurant-san-diego-3',
 'Name': 'Ichiro Japanese Restaurant',
 'phone': '(858) 565-8603',
 'website_link': 'https://www.yelp.com/biz_redir?url=http%3A%2F%2Fwww.ichirosrestaurant.com%2F&website_link_type=website&src_bizid=AMIUmmRIs7_TRhlGTwn3RQ&cachebuster=1591082236&s=920e82172866ebbb904834e792156ef869c01abf5b97d81c1bb66e032ee662ae',
 'website_name': 'ichirosrestaurant.com'}
2020-06-02 12:47:26 [scrapy] DEBUG: Crawled (200) <GET https://www.yelp.com/biz/tajima-mercury-san-diego-6?osq=Japanese+Restaurants> (referer: https://www.yelp.com/biz/ichiro-japanese-restaurant-san-diego-3?osq=Japanese+Restaurants)
2020-06-02 12:47:26 [scrapy] DEBUG: Scraped from <200 https://www.yelp.com/biz/tajima-mercury-san-diego-6?osq=Japanese+Restaurants>
{'Direction': 'https://www.yelp.com/map/tajima-mercury-san-diego-6',
 'Name': 'Tajima Mercury',
 'phone': '(858) 278-5367',
 'website_link': 'https://www.yelp.com/biz_redir?url=http%3A%2F%2Ftajimasandiego.com%2Flocations%2Ftajima-mercury%2F&website_link_type=website&src_bizid=-puDFMMdediMnHeqDbvbBg&cachebuster=1591082242&s=b33e4ae67ea19a870c1dca04579a822609ed65d7c6e38cf10acc1729e551824d',
 'website_name': 'tajimasandiego.com'}
2020-06-02 12:47:31 [scrapy] DEBUG: Crawled (200) <GET https://www.yelp.com/biz/tanuki-san-diego?osq=Japanese+Restaurants> (referer: https://www.yelp.com/biz/tajima-mercury-san-diego-6?osq=Japanese+Restaurants)
2020-06-02 12:47:32 [scrapy] DEBUG: Scraped from <200 https://www.yelp.com/biz/tanuki-san-diego?osq=Japanese+Restaurants>
{'Direction': 'https://www.yelp.com/map/tanuki-san-diego',
 'Name': 'Tanuki',
 'phone': '(619) 624-0592',
 'website_link': 'https://www.yelp.com/biz_redir?url=https%3A%2F%2Ftanukisakebar.com&website_link_type=website&src_bizid=5IcovCryItzBBv7CMtaAsg&cachebuster=1591082247&s=89ca4b58c3cbeb01a6609c7f9341cd4a7fa7df67c1923b5e1278ee95251d5a77',
 'website_name': 'tanukisakebar.com'}
2020-06-02 12:47:38 [scrapy] DEBUG: Crawled (200) <GET https://www.yelp.com/biz/tsuruhashi-japanese-bbq-san-diego?osq=Japanese+Restaurants> (referer: https://www.yelp.com/biz/tanuki-san-diego?osq=Japanese+Restaurants)
2020-06-02 12:47:38 [scrapy] DEBUG: Scraped from <200 https://www.yelp.com/biz/tsuruhashi-japanese-bbq-san-diego?osq=Japanese+Restaurants>
{'Direction': 'https://www.yelp.com/map/tsuruhashi-japanese-bbq-san-diego',
 'Name': 'Tsuruhashi Japanese BBQ',
 'phone': '(858) 279-8929',
 'website_link': 'https://www.yelp.com/biz_redir?url=https%3A%2F%2Ftsuruhashirestaurant.com&website_link_type=website&src_bizid=pbPhJJ70wrT8fockrFZ13Q&cachebuster=1591082253&s=dd73587b5ca9a97fca3aeec6e250af6e6cbe2c8631ac7062b140db827eaf032c',
 'website_name': 'tsuruhashirestaurant.com'}
2020-06-02 12:47:43 [scrapy] DEBUG: Crawled (200) <GET https://www.yelp.com/biz/yoshino-japanese-restaurant-san-diego?osq=Japanese+Restaurants> (referer: https://www.yelp.com/biz/tsuruhashi-japanese-bbq-san-diego?osq=Japanese+Restaurants)
2020-06-02 12:47:44 [scrapy] DEBUG: Scraped from <200 https://www.yelp.com/biz/yoshino-japanese-restaurant-san-diego?osq=Japanese+Restaurants>
{'Direction': 'https://www.yelp.com/map/yoshino-japanese-restaurant-san-diego',
 'Name': 'Yoshino Japanese Restaurant',
 'phone': '(619) 295-2232',
 'website_link': 'https://www.yelp.com/biz_redir?url=http%3A%2F%2Fwww.yoshinosjapanese.com&website_link_type=website&src_bizid=79zHqzpW8Gt7QHfNpkOHUw&cachebuster=1591082259&s=86f6665bb1e641c96a30853dd47bd6813e68d6729e0a35dfd335b9a98ddb9a97',
 'website_name': 'yoshinosjapanese.com'}
2020-06-02 12:47:44 [scrapy] INFO: Closing spider (closespider_itemcount)
2020-06-02 12:47:47 [scrapy] INFO: Dumping Scrapy stats:
{'downloader/response_bytes': 54063727,
 'downloader/response_count': 40,
 'downloader/response_status_count/200': 40,
 'elapsed_time_seconds': 240.689932,
 'finish_reason': 'closespider_itemcount',
 'finish_time': datetime.datetime(2020, 6, 2, 7, 17, 44, 606882),
 'httpcache/firsthand': 40,
 'httpcache/store': 40,
 'item_scraped_count': 20,
 'log_count/DEBUG': 695,
 'log_count/INFO': 7,
 'request_depth_max': 40,
 'response_received_count': 40,
 'scheduler/dequeued': 40,
 'scheduler/dequeued/memory': 40,
 'scheduler/enqueued': 41,
 'scheduler/enqueued/memory': 41,
 'start_time': datetime.datetime(2020, 6, 2, 7, 13, 43, 916950)}
2020-06-02 12:47:47 [scrapy] INFO: Spider closed (closespider_itemcount)
