2020-06-02 22:16:37 [scrapy] DEBUG: Crawled (200) <GET https://www.yelp.com/> (referer: None)
2020-06-02 22:17:01 [scrapy] DEBUG: Crawled (200) <GET https://www.yelp.com/search?find_desc=Restaurants&find_loc=San+Diego%2C+CA&ns=1> (referer: https://www.yelp.com/)
2020-06-02 22:17:17 [scrapy] DEBUG: Crawled (200) <GET https://www.yelp.com/search?find_desc=Restaurants&find_loc=San%20Diego%2C%20CA&start=30> (referer: https://www.yelp.com/search?find_desc=Restaurants&find_loc=San+Diego%2C+CA&ns=1)
2020-06-02 22:17:32 [scrapy] DEBUG: Crawled (200) <GET https://www.yelp.com/search?find_desc=Restaurants&find_loc=San%20Diego%2C%20CA&start=60> (referer: https://www.yelp.com/search?find_desc=Restaurants&find_loc=San%20Diego%2C%20CA&start=30)
2020-06-02 22:17:44 [scrapy] DEBUG: Crawled (200) <GET https://www.yelp.com/search?find_desc=Restaurants&find_loc=San%20Diego%2C%20CA&start=90> (referer: https://www.yelp.com/search?find_desc=Restaurants&find_loc=San%20Diego%2C%20CA&start=60)
2020-06-02 22:17:59 [scrapy] DEBUG: Crawled (200) <GET https://www.yelp.com/search?find_desc=Restaurants&find_loc=San%20Diego%2C%20CA&start=120> (referer: https://www.yelp.com/search?find_desc=Restaurants&find_loc=San%20Diego%2C%20CA&start=90)
2020-06-02 22:18:12 [scrapy] DEBUG: Crawled (200) <GET https://www.yelp.com/search?find_desc=Restaurants&find_loc=San%20Diego%2C%20CA&start=150> (referer: https://www.yelp.com/search?find_desc=Restaurants&find_loc=San%20Diego%2C%20CA&start=120)
2020-06-02 22:18:25 [scrapy] DEBUG: Crawled (200) <GET https://www.yelp.com/search?find_desc=Restaurants&find_loc=San%20Diego%2C%20CA&start=180> (referer: https://www.yelp.com/search?find_desc=Restaurants&find_loc=San%20Diego%2C%20CA&start=150)
2020-06-02 22:18:37 [scrapy] DEBUG: Crawled (200) <GET https://www.yelp.com/search?find_desc=Restaurants&find_loc=San%20Diego%2C%20CA&start=210> (referer: https://www.yelp.com/search?find_desc=Restaurants&find_loc=San%20Diego%2C%20CA&start=180)
2020-06-02 22:18:49 [scrapy] DEBUG: Crawled (200) <GET https://www.yelp.com/search?find_desc=Restaurants&find_loc=San%20Diego%2C%20CA&start=240> (referer: https://www.yelp.com/search?find_desc=Restaurants&find_loc=San%20Diego%2C%20CA&start=210)
2020-06-02 22:19:02 [scrapy] DEBUG: Crawled (200) <GET https://www.yelp.com/search?find_desc=Restaurants&find_loc=San%20Diego%2C%20CA&start=270> (referer: https://www.yelp.com/search?find_desc=Restaurants&find_loc=San%20Diego%2C%20CA&start=240)
2020-06-02 22:19:14 [scrapy] DEBUG: Crawled (200) <GET https://www.yelp.com/search?find_desc=Restaurants&find_loc=San%20Diego%2C%20CA&start=300> (referer: https://www.yelp.com/search?find_desc=Restaurants&find_loc=San%20Diego%2C%20CA&start=270)
2020-06-02 22:19:27 [scrapy] DEBUG: Crawled (200) <GET https://www.yelp.com/search?find_desc=Restaurants&find_loc=San%20Diego%2C%20CA&start=330> (referer: https://www.yelp.com/search?find_desc=Restaurants&find_loc=San%20Diego%2C%20CA&start=300)
2020-06-02 22:19:40 [scrapy] DEBUG: Crawled (200) <GET https://www.yelp.com/search?find_desc=Restaurants&find_loc=San%20Diego%2C%20CA&start=360> (referer: https://www.yelp.com/search?find_desc=Restaurants&find_loc=San%20Diego%2C%20CA&start=330)
2020-06-02 22:19:53 [scrapy] DEBUG: Crawled (200) <GET https://www.yelp.com/search?find_desc=Restaurants&find_loc=San%20Diego%2C%20CA&start=390> (referer: https://www.yelp.com/search?find_desc=Restaurants&find_loc=San%20Diego%2C%20CA&start=360)
2020-06-02 22:20:06 [scrapy] DEBUG: Crawled (200) <GET https://www.yelp.com/search?find_desc=Restaurants&find_loc=San%20Diego%2C%20CA&start=420> (referer: https://www.yelp.com/search?find_desc=Restaurants&find_loc=San%20Diego%2C%20CA&start=390)
2020-06-02 22:20:18 [scrapy] DEBUG: Crawled (200) <GET https://www.yelp.com/search?find_desc=Restaurants&find_loc=San%20Diego%2C%20CA&start=450> (referer: https://www.yelp.com/search?find_desc=Restaurants&find_loc=San%20Diego%2C%20CA&start=420)
2020-06-02 22:20:32 [scrapy] DEBUG: Crawled (200) <GET https://www.yelp.com/search?find_desc=Restaurants&find_loc=San%20Diego%2C%20CA&start=480> (referer: https://www.yelp.com/search?find_desc=Restaurants&find_loc=San%20Diego%2C%20CA&start=450)
2020-06-02 22:20:45 [scrapy] DEBUG: Crawled (200) <GET https://www.yelp.com/search?find_desc=Restaurants&find_loc=San%20Diego%2C%20CA&start=510> (referer: https://www.yelp.com/search?find_desc=Restaurants&find_loc=San%20Diego%2C%20CA&start=480)
2020-06-02 22:20:58 [scrapy] DEBUG: Crawled (200) <GET https://www.yelp.com/search?find_desc=Restaurants&find_loc=San%20Diego%2C%20CA&start=540> (referer: https://www.yelp.com/search?find_desc=Restaurants&find_loc=San%20Diego%2C%20CA&start=510)
2020-06-02 22:21:11 [scrapy] DEBUG: Crawled (200) <GET https://www.yelp.com/search?find_desc=Restaurants&find_loc=San%20Diego%2C%20CA&start=570> (referer: https://www.yelp.com/search?find_desc=Restaurants&find_loc=San%20Diego%2C%20CA&start=540)
2020-06-02 22:21:24 [scrapy] DEBUG: Crawled (200) <GET https://www.yelp.com/search?find_desc=Restaurants&find_loc=San%20Diego%2C%20CA&start=600> (referer: https://www.yelp.com/search?find_desc=Restaurants&find_loc=San%20Diego%2C%20CA&start=570)
2020-06-02 22:21:36 [scrapy] DEBUG: Crawled (200) <GET https://www.yelp.com/search?find_desc=Restaurants&find_loc=San%20Diego%2C%20CA&start=630> (referer: https://www.yelp.com/search?find_desc=Restaurants&find_loc=San%20Diego%2C%20CA&start=600)
2020-06-02 22:21:49 [scrapy] DEBUG: Crawled (200) <GET https://www.yelp.com/search?find_desc=Restaurants&find_loc=San%20Diego%2C%20CA&start=660> (referer: https://www.yelp.com/search?find_desc=Restaurants&find_loc=San%20Diego%2C%20CA&start=630)
2020-06-02 22:22:01 [scrapy] DEBUG: Crawled (200) <GET https://www.yelp.com/search?find_desc=Restaurants&find_loc=San%20Diego%2C%20CA&start=690> (referer: https://www.yelp.com/search?find_desc=Restaurants&find_loc=San%20Diego%2C%20CA&start=660)
2020-06-02 22:22:14 [scrapy] DEBUG: Crawled (200) <GET https://www.yelp.com/search?find_desc=Restaurants&find_loc=San%20Diego%2C%20CA&start=720> (referer: https://www.yelp.com/search?find_desc=Restaurants&find_loc=San%20Diego%2C%20CA&start=690)
2020-06-02 22:22:27 [scrapy] DEBUG: Crawled (200) <GET https://www.yelp.com/search?find_desc=Restaurants&find_loc=San%20Diego%2C%20CA&start=750> (referer: https://www.yelp.com/search?find_desc=Restaurants&find_loc=San%20Diego%2C%20CA&start=720)
2020-06-02 22:22:39 [scrapy] DEBUG: Crawled (200) <GET https://www.yelp.com/search?find_desc=Restaurants&find_loc=San%20Diego%2C%20CA&start=780> (referer: https://www.yelp.com/search?find_desc=Restaurants&find_loc=San%20Diego%2C%20CA&start=750)
2020-06-02 22:22:53 [scrapy] DEBUG: Crawled (200) <GET https://www.yelp.com/search?find_desc=Restaurants&find_loc=San%20Diego%2C%20CA&start=810> (referer: https://www.yelp.com/search?find_desc=Restaurants&find_loc=San%20Diego%2C%20CA&start=780)
2020-06-02 22:23:06 [scrapy] DEBUG: Crawled (200) <GET https://www.yelp.com/search?find_desc=Restaurants&find_loc=San%20Diego%2C%20CA&start=840> (referer: https://www.yelp.com/search?find_desc=Restaurants&find_loc=San%20Diego%2C%20CA&start=810)
2020-06-02 22:23:19 [scrapy] DEBUG: Crawled (200) <GET https://www.yelp.com/search?find_desc=Restaurants&find_loc=San%20Diego%2C%20CA&start=870> (referer: https://www.yelp.com/search?find_desc=Restaurants&find_loc=San%20Diego%2C%20CA&start=840)
2020-06-02 22:23:31 [scrapy] DEBUG: Crawled (200) <GET https://www.yelp.com/search?find_desc=Restaurants&find_loc=San%20Diego%2C%20CA&start=900> (referer: https://www.yelp.com/search?find_desc=Restaurants&find_loc=San%20Diego%2C%20CA&start=870)
2020-06-02 22:23:43 [scrapy] DEBUG: Crawled (200) <GET https://www.yelp.com/search?find_desc=Restaurants&find_loc=San%20Diego%2C%20CA&start=930> (referer: https://www.yelp.com/search?find_desc=Restaurants&find_loc=San%20Diego%2C%20CA&start=900)
2020-06-02 22:23:56 [scrapy] DEBUG: Crawled (200) <GET https://www.yelp.com/search?find_desc=Restaurants&find_loc=San%20Diego%2C%20CA&start=960> (referer: https://www.yelp.com/search?find_desc=Restaurants&find_loc=San%20Diego%2C%20CA&start=930)
2020-06-02 22:24:13 [scrapy] DEBUG: Crawled (200) <GET https://www.yelp.com/search?find_desc=Restaurants&find_loc=San%20Diego%2C%20CA&start=990> (referer: https://www.yelp.com/search?find_desc=Restaurants&find_loc=San%20Diego%2C%20CA&start=960)
2020-06-02 22:24:37 [scrapy] DEBUG: Crawled (200) <GET https://www.yelp.com/adredir?ad_business_id=OzlWYUqcg8ZNnVCLDDsS-A&campaign_id=o25tw8lyqQgPOn5Osb3gBw&click_origin=search_results&placement=above_search&redirect_url=https%3A%2F%2Fwww.yelp.com%2Fbiz%2Fcosmopolitan-hotel-and-restaurant-san-diego&request_id=8111c444ccaa8646&signature=4994617a3271d545cc670c0cc7e127b124bc2b115f6127a146084ec98f49a66f&slot=0> (referer: https://www.yelp.com/search?find_desc=Restaurants&find_loc=San%20Diego%2C%20CA&start=990)
2020-06-02 22:24:51 [scrapy] DEBUG: Scraped from <200 https://www.yelp.com/biz/cosmopolitan-hotel-and-restaurant-san-diego>
{'Direction': 'https://www.yelp.com/map/cosmopolitan-hotel-and-restaurant-san-diego',
 'Name': 'Cosmopolitan Hotel and Restaurant',
 'phone': '(619) 297-1874',
 'website_link': 'https://www.yelp.com/biz_redir?url=http%3A%2F%2Fwww.oldtowncosmopolitan.com&website_link_type=website&src_bizid=OzlWYUqcg8ZNnVCLDDsS-A&cachebuster=1591116872&s=df3a617b85a5352886d2cac277e11de8f75dabff9ecf290c370a8a6d0a9dc85c',
 'website_name': 'oldtowncosmopolitan.com'}
2020-06-02 22:24:57 [scrapy] DEBUG: Crawled (200) <GET https://www.yelp.com/adredir?ad_business_id=2BVmTVayjhQikDsAArXSJA&campaign_id=n4s9N819QxI_UTno-61DXw&click_origin=search_results&placement=above_search&redirect_url=https%3A%2F%2Fwww.yelp.com%2Fbiz%2Fhigh-tide-bottle-shop-and-kitchen-coronado-4&request_id=8111c444ccaa8646&signature=8df31100f2354f0d0abd017ca314164b916e9f2b84a049f6635ac3c82641bcd9&slot=1> (referer: https://www.yelp.com/biz/cosmopolitan-hotel-and-restaurant-san-diego)
2020-06-02 22:25:09 [scrapy] DEBUG: Scraped from <200 https://www.yelp.com/biz/high-tide-bottle-shop-and-kitchen-coronado-4>
{'Direction': 'https://www.yelp.com/map/high-tide-bottle-shop-and-kitchen-coronado-4',
 'Name': 'High Tide Bottle Shop And Kitchen',
 'phone': '(619) 435-1380',
 'website_link': 'https://www.yelp.com/biz_redir?url=http%3A%2F%2Fwww.hightidecoronado.com%2F&website_link_type=website&src_bizid=2BVmTVayjhQikDsAArXSJA&cachebuster=1591116892&s=f01d44be0e3734c04bcb74a9e65f48122887c0b0e3a55bbd8735caa7d9f3788d',
 'website_name': 'hightidecoronado.com'}
2020-06-02 22:25:14 [scrapy] DEBUG: Crawled (200) <GET https://www.yelp.com/biz/ee-nami-tonkatsu-izakaya-san-diego?osq=Restaurants> (referer: https://www.yelp.com/biz/high-tide-bottle-shop-and-kitchen-coronado-4)
2020-06-02 22:25:25 [scrapy] DEBUG: Scraped from <200 https://www.yelp.com/biz/ee-nami-tonkatsu-izakaya-san-diego?osq=Restaurants>
{'Direction': 'https://www.yelp.com/map/ee-nami-tonkatsu-izakaya-san-diego',
 'Name': 'EE NAMI Tonkatsu Izakaya',
 'phone': '(858) 246-6903',
 'website_link': 'https://www.yelp.com/biz_redir?url=http%3A%2F%2Feenamisd.com&website_link_type=website&src_bizid=7CjC7lj7bXvjPPRb_HqM3g&cachebuster=1591116910&s=9528f693de35a07ba6bf96ba08f037929ec759516e65bbbdff8782dc802fb5a1',
 'website_name': 'eenamisd.com'}
2020-06-02 22:25:31 [scrapy] DEBUG: Crawled (200) <GET https://www.yelp.com/biz/cocina-35-san-diego?osq=Restaurants> (referer: https://www.yelp.com/biz/ee-nami-tonkatsu-izakaya-san-diego?osq=Restaurants)
2020-06-02 22:25:44 [scrapy] DEBUG: Scraped from <200 https://www.yelp.com/biz/cocina-35-san-diego?osq=Restaurants>
{'Direction': 'https://www.yelp.com/map/cocina-35-san-diego',
 'Name': 'Cocina 35',
 'phone': '(619) 431-5611',
 'website_link': 'https://www.yelp.com/biz_redir?url=http%3A%2F%2Fwww.cocina35.com&website_link_type=website&src_bizid=fMWoLTioV_ttwKX90bSL1Q&cachebuster=1591116926&s=c2c28760ca64dcef66d6255b9ab29898d84a35609ccc3a6c2f9c56ffa5f8e3db',
 'website_name': 'cocina35.com'}
2020-06-02 22:25:50 [scrapy] DEBUG: Crawled (200) <GET https://www.yelp.com/biz/san-diego-poke-company-san-diego-6?osq=Restaurants> (referer: https://www.yelp.com/biz/cocina-35-san-diego?osq=Restaurants)
2020-06-02 22:26:12 [scrapy] ERROR: Spider error processing <GET https://www.yelp.com/biz/san-diego-poke-company-san-diego-6?osq=Restaurants> (referer: https://www.yelp.com/biz/cocina-35-san-diego?osq=Restaurants)
Traceback (most recent call last):
  File "f:\web scrapping\yelp\venv\lib\site-packages\scrapy\utils\defer.py", line 117, in iter_errback
    yield next(it)
  File "f:\web scrapping\yelp\venv\lib\site-packages\scrapy\utils\python.py", line 345, in __next__
    return next(self.data)
  File "f:\web scrapping\yelp\venv\lib\site-packages\scrapy\utils\python.py", line 345, in __next__
    return next(self.data)
  File "f:\web scrapping\yelp\venv\lib\site-packages\scrapy\core\spidermw.py", line 64, in _evaluate_iterable
    for r in iterable:
  File "f:\web scrapping\yelp\venv\lib\site-packages\scrapy\spidermiddlewares\offsite.py", line 29, in process_spider_output
    for x in result:
  File "f:\web scrapping\yelp\venv\lib\site-packages\scrapy\core\spidermw.py", line 64, in _evaluate_iterable
    for r in iterable:
  File "f:\web scrapping\yelp\venv\lib\site-packages\scrapy\spidermiddlewares\referer.py", line 338, in <genexpr>
    return (_set_referer(r) for r in result or ())
  File "f:\web scrapping\yelp\venv\lib\site-packages\scrapy\core\spidermw.py", line 64, in _evaluate_iterable
    for r in iterable:
  File "f:\web scrapping\yelp\venv\lib\site-packages\scrapy\spidermiddlewares\urllength.py", line 37, in <genexpr>
    return (r for r in result or () if _filter(r))
  File "f:\web scrapping\yelp\venv\lib\site-packages\scrapy\core\spidermw.py", line 64, in _evaluate_iterable
    for r in iterable:
  File "f:\web scrapping\yelp\venv\lib\site-packages\scrapy\spidermiddlewares\depth.py", line 58, in <genexpr>
    return (r for r in result or () if _filter(r))
  File "f:\web scrapping\yelp\venv\lib\site-packages\scrapy\core\spidermw.py", line 64, in _evaluate_iterable
    for r in iterable:
  File "F:\web scrapping\yelpsecondinput\yelpdetails\yelpdetails\spiders\yelpspider.py", line 107, in scrapepages
    html = driver.page_source
  File "f:\web scrapping\yelp\venv\lib\site-packages\selenium\webdriver\remote\webdriver.py", line 679, in page_source
    return self.execute(Command.GET_PAGE_SOURCE)['value']
  File "f:\web scrapping\yelp\venv\lib\site-packages\selenium\webdriver\remote\webdriver.py", line 321, in execute
    self.error_handler.check_response(response)
  File "f:\web scrapping\yelp\venv\lib\site-packages\selenium\webdriver\remote\errorhandler.py", line 242, in check_response
    raise exception_class(message, screen, stacktrace)
selenium.common.exceptions.WebDriverException: Message: chrome not reachable
  (Session info: chrome=83.0.4103.61)

2020-06-02 22:26:24 [scrapy] INFO: Closing spider (finished)
2020-06-02 22:26:27 [scrapy] INFO: Dumping Scrapy stats:
{'downloader/response_bytes': 43310478,
 'downloader/response_count': 40,
 'downloader/response_status_count/200': 40,
 'elapsed_time_seconds': 592.976301,
 'finish_reason': 'finished',
 'finish_time': datetime.datetime(2020, 6, 2, 16, 56, 24, 803900),
 'httpcache/firsthand': 40,
 'httpcache/store': 40,
 'item_scraped_count': 4,
 'log_count/DEBUG': 1445,
 'log_count/ERROR': 3,
 'log_count/INFO': 13,
 'request_depth_max': 39,
 'response_received_count': 40,
 'scheduler/dequeued': 40,
 'scheduler/dequeued/memory': 40,
 'scheduler/enqueued': 40,
 'scheduler/enqueued/memory': 40,
 'spider_exceptions/WebDriverException': 1,
 'start_time': datetime.datetime(2020, 6, 2, 16, 46, 31, 827599)}
2020-06-02 22:26:27 [scrapy] INFO: Spider closed (finished)
