2020-06-02 22:16:10 [scrapy] DEBUG: Crawled (200) <GET https://www.yelp.com/> (referer: None)
2020-06-02 22:16:28 [scrapy] DEBUG: Crawled (200) <GET https://www.yelp.com/search?find_desc=Restaurants&find_loc=San+Diego%2C+CA&ns=1> (referer: https://www.yelp.com/)
2020-06-02 22:16:44 [scrapy] DEBUG: Crawled (200) <GET https://www.yelp.com/search?find_desc=Restaurants&find_loc=San%20Diego%2C%20CA&start=30> (referer: https://www.yelp.com/search?find_desc=Restaurants&find_loc=San+Diego%2C+CA&ns=1)
2020-06-02 22:17:09 [scrapy] DEBUG: Crawled (200) <GET https://www.yelp.com/search?find_desc=Restaurants&find_loc=San%20Diego%2C%20CA&start=60> (referer: https://www.yelp.com/search?find_desc=Restaurants&find_loc=San%20Diego%2C%20CA&start=30)
2020-06-02 22:17:25 [scrapy] DEBUG: Crawled (200) <GET https://www.yelp.com/search?find_desc=Restaurants&find_loc=San%20Diego%2C%20CA&start=90> (referer: https://www.yelp.com/search?find_desc=Restaurants&find_loc=San%20Diego%2C%20CA&start=60)
2020-06-02 22:17:38 [scrapy] DEBUG: Crawled (200) <GET https://www.yelp.com/search?find_desc=Restaurants&find_loc=San%20Diego%2C%20CA&start=120> (referer: https://www.yelp.com/search?find_desc=Restaurants&find_loc=San%20Diego%2C%20CA&start=90)
2020-06-02 22:17:52 [scrapy] DEBUG: Crawled (200) <GET https://www.yelp.com/search?find_desc=Restaurants&find_loc=San%20Diego%2C%20CA&start=150> (referer: https://www.yelp.com/search?find_desc=Restaurants&find_loc=San%20Diego%2C%20CA&start=120)
2020-06-02 22:18:05 [scrapy] DEBUG: Crawled (200) <GET https://www.yelp.com/search?find_desc=Restaurants&find_loc=San%20Diego%2C%20CA&start=180> (referer: https://www.yelp.com/search?find_desc=Restaurants&find_loc=San%20Diego%2C%20CA&start=150)
2020-06-02 22:18:19 [scrapy] DEBUG: Crawled (200) <GET https://www.yelp.com/search?find_desc=Restaurants&find_loc=San%20Diego%2C%20CA&start=210> (referer: https://www.yelp.com/search?find_desc=Restaurants&find_loc=San%20Diego%2C%20CA&start=180)
2020-06-02 22:18:31 [scrapy] DEBUG: Crawled (200) <GET https://www.yelp.com/search?find_desc=Restaurants&find_loc=San%20Diego%2C%20CA&start=240> (referer: https://www.yelp.com/search?find_desc=Restaurants&find_loc=San%20Diego%2C%20CA&start=210)
2020-06-02 22:18:44 [scrapy] DEBUG: Crawled (200) <GET https://www.yelp.com/search?find_desc=Restaurants&find_loc=San%20Diego%2C%20CA&start=270> (referer: https://www.yelp.com/search?find_desc=Restaurants&find_loc=San%20Diego%2C%20CA&start=240)
2020-06-02 22:18:56 [scrapy] DEBUG: Crawled (200) <GET https://www.yelp.com/search?find_desc=Restaurants&find_loc=San%20Diego%2C%20CA&start=300> (referer: https://www.yelp.com/search?find_desc=Restaurants&find_loc=San%20Diego%2C%20CA&start=270)
2020-06-02 22:19:08 [scrapy] DEBUG: Crawled (200) <GET https://www.yelp.com/search?find_desc=Restaurants&find_loc=San%20Diego%2C%20CA&start=330> (referer: https://www.yelp.com/search?find_desc=Restaurants&find_loc=San%20Diego%2C%20CA&start=300)
2020-06-02 22:19:21 [scrapy] DEBUG: Crawled (200) <GET https://www.yelp.com/search?find_desc=Restaurants&find_loc=San%20Diego%2C%20CA&start=360> (referer: https://www.yelp.com/search?find_desc=Restaurants&find_loc=San%20Diego%2C%20CA&start=330)
2020-06-02 22:19:33 [scrapy] DEBUG: Crawled (200) <GET https://www.yelp.com/search?find_desc=Restaurants&find_loc=San%20Diego%2C%20CA&start=390> (referer: https://www.yelp.com/search?find_desc=Restaurants&find_loc=San%20Diego%2C%20CA&start=360)
2020-06-02 22:19:47 [scrapy] DEBUG: Crawled (200) <GET https://www.yelp.com/search?find_desc=Restaurants&find_loc=San%20Diego%2C%20CA&start=420> (referer: https://www.yelp.com/search?find_desc=Restaurants&find_loc=San%20Diego%2C%20CA&start=390)
2020-06-02 22:19:59 [scrapy] DEBUG: Crawled (200) <GET https://www.yelp.com/search?find_desc=Restaurants&find_loc=San%20Diego%2C%20CA&start=450> (referer: https://www.yelp.com/search?find_desc=Restaurants&find_loc=San%20Diego%2C%20CA&start=420)
2020-06-02 22:20:12 [scrapy] DEBUG: Crawled (200) <GET https://www.yelp.com/search?find_desc=Restaurants&find_loc=San%20Diego%2C%20CA&start=480> (referer: https://www.yelp.com/search?find_desc=Restaurants&find_loc=San%20Diego%2C%20CA&start=450)
2020-06-02 22:20:25 [scrapy] DEBUG: Crawled (200) <GET https://www.yelp.com/search?find_desc=Restaurants&find_loc=San%20Diego%2C%20CA&start=510> (referer: https://www.yelp.com/search?find_desc=Restaurants&find_loc=San%20Diego%2C%20CA&start=480)
2020-06-02 22:20:38 [scrapy] DEBUG: Crawled (200) <GET https://www.yelp.com/search?find_desc=Restaurants&find_loc=San%20Diego%2C%20CA&start=540> (referer: https://www.yelp.com/search?find_desc=Restaurants&find_loc=San%20Diego%2C%20CA&start=510)
2020-06-02 22:20:51 [scrapy] DEBUG: Crawled (200) <GET https://www.yelp.com/search?find_desc=Restaurants&find_loc=San%20Diego%2C%20CA&start=570> (referer: https://www.yelp.com/search?find_desc=Restaurants&find_loc=San%20Diego%2C%20CA&start=540)
2020-06-02 22:21:04 [scrapy] DEBUG: Crawled (200) <GET https://www.yelp.com/search?find_desc=Restaurants&find_loc=San%20Diego%2C%20CA&start=600> (referer: https://www.yelp.com/search?find_desc=Restaurants&find_loc=San%20Diego%2C%20CA&start=570)
2020-06-02 22:21:17 [scrapy] DEBUG: Crawled (200) <GET https://www.yelp.com/search?find_desc=Restaurants&find_loc=San%20Diego%2C%20CA&start=630> (referer: https://www.yelp.com/search?find_desc=Restaurants&find_loc=San%20Diego%2C%20CA&start=600)
2020-06-02 22:21:30 [scrapy] DEBUG: Crawled (200) <GET https://www.yelp.com/search?find_desc=Restaurants&find_loc=San%20Diego%2C%20CA&start=660> (referer: https://www.yelp.com/search?find_desc=Restaurants&find_loc=San%20Diego%2C%20CA&start=630)
2020-06-02 22:21:43 [scrapy] DEBUG: Crawled (200) <GET https://www.yelp.com/search?find_desc=Restaurants&find_loc=San%20Diego%2C%20CA&start=690> (referer: https://www.yelp.com/search?find_desc=Restaurants&find_loc=San%20Diego%2C%20CA&start=660)
2020-06-02 22:21:55 [scrapy] DEBUG: Crawled (200) <GET https://www.yelp.com/search?find_desc=Restaurants&find_loc=San%20Diego%2C%20CA&start=720> (referer: https://www.yelp.com/search?find_desc=Restaurants&find_loc=San%20Diego%2C%20CA&start=690)
2020-06-02 22:22:08 [scrapy] DEBUG: Crawled (200) <GET https://www.yelp.com/search?find_desc=Restaurants&find_loc=San%20Diego%2C%20CA&start=750> (referer: https://www.yelp.com/search?find_desc=Restaurants&find_loc=San%20Diego%2C%20CA&start=720)
2020-06-02 22:22:20 [scrapy] DEBUG: Crawled (200) <GET https://www.yelp.com/search?find_desc=Restaurants&find_loc=San%20Diego%2C%20CA&start=780> (referer: https://www.yelp.com/search?find_desc=Restaurants&find_loc=San%20Diego%2C%20CA&start=750)
2020-06-02 22:22:33 [scrapy] DEBUG: Crawled (200) <GET https://www.yelp.com/search?find_desc=Restaurants&find_loc=San%20Diego%2C%20CA&start=810> (referer: https://www.yelp.com/search?find_desc=Restaurants&find_loc=San%20Diego%2C%20CA&start=780)
2020-06-02 22:22:46 [scrapy] DEBUG: Crawled (200) <GET https://www.yelp.com/search?find_desc=Restaurants&find_loc=San%20Diego%2C%20CA&start=840> (referer: https://www.yelp.com/search?find_desc=Restaurants&find_loc=San%20Diego%2C%20CA&start=810)
2020-06-02 22:22:59 [scrapy] DEBUG: Crawled (200) <GET https://www.yelp.com/search?find_desc=Restaurants&find_loc=San%20Diego%2C%20CA&start=870> (referer: https://www.yelp.com/search?find_desc=Restaurants&find_loc=San%20Diego%2C%20CA&start=840)
2020-06-02 22:23:13 [scrapy] DEBUG: Crawled (200) <GET https://www.yelp.com/search?find_desc=Restaurants&find_loc=San%20Diego%2C%20CA&start=900> (referer: https://www.yelp.com/search?find_desc=Restaurants&find_loc=San%20Diego%2C%20CA&start=870)
2020-06-02 22:23:25 [scrapy] DEBUG: Crawled (200) <GET https://www.yelp.com/search?find_desc=Restaurants&find_loc=San%20Diego%2C%20CA&start=930> (referer: https://www.yelp.com/search?find_desc=Restaurants&find_loc=San%20Diego%2C%20CA&start=900)
2020-06-02 22:23:37 [scrapy] DEBUG: Crawled (200) <GET https://www.yelp.com/search?find_desc=Restaurants&find_loc=San%20Diego%2C%20CA&start=960> (referer: https://www.yelp.com/search?find_desc=Restaurants&find_loc=San%20Diego%2C%20CA&start=930)
2020-06-02 22:23:49 [scrapy] DEBUG: Crawled (200) <GET https://www.yelp.com/search?find_desc=Restaurants&find_loc=San%20Diego%2C%20CA&start=990> (referer: https://www.yelp.com/search?find_desc=Restaurants&find_loc=San%20Diego%2C%20CA&start=960)
2020-06-02 22:24:11 [scrapy] DEBUG: Crawled (200) <GET https://www.yelp.com/adredir?ad_business_id=VNZB0P6Zqclc3EvwY2riMA&campaign_id=XJl75JkQVZmFp5Fal_GIIg&click_origin=search_results&placement=above_search&redirect_url=https%3A%2F%2Fwww.yelp.com%2Fbiz%2Fmister-as-san-diego&request_id=1d26e089eca24c0b&signature=32624011335154e0e2a51f3ebf1f698fcc2fb030639c3bc7d4a744a86db7c54a&slot=0> (referer: https://www.yelp.com/search?find_desc=Restaurants&find_loc=San%20Diego%2C%20CA&start=990)
2020-06-02 22:24:31 [scrapy] DEBUG: Scraped from <200 https://www.yelp.com/biz/mister-as-san-diego>
{'Direction': 'https://www.yelp.com/map/mister-as-san-diego',
 'Name': "Mister A's",
 'phone': '(619) 239-1377',
 'website_link': 'https://www.yelp.com/biz_redir?url=http%3A%2F%2Fwww.asrestaurant.com&website_link_type=website&src_bizid=VNZB0P6Zqclc3EvwY2riMA&cachebuster=1591116844&s=2741e35f9e81340ec23de0eaca97530385fa180a74d65c3090d708b69e2b82b2',
 'website_name': 'asrestaurant.com'}
2020-06-02 22:24:44 [scrapy] DEBUG: Crawled (200) <GET https://www.yelp.com/adredir?ad_business_id=_zFYC91bOjXC9EdsT8VnVQ&campaign_id=j_YYLBGo5neboj2-6qd_hg&click_origin=search_results&placement=above_search&redirect_url=https%3A%2F%2Fwww.yelp.com%2Fbiz%2Fparc-bistro-brasserie-san-diego&request_id=1d26e089eca24c0b&signature=2425347b1ebaf0e05d33df5dad9dbd0334affc87fc52b0d274bf72e9627f3d15&slot=1> (referer: https://www.yelp.com/biz/mister-as-san-diego)
2020-06-02 22:24:51 [scrapy] DEBUG: Scraped from <200 https://www.yelp.com/biz/parc-bistro-brasserie-san-diego>
{'Direction': 'https://www.yelp.com/map/parc-bistro-brasserie-san-diego',
 'Name': 'Parc Bistro-Brasserie',
 'phone': '(619) 795-1501',
 'website_link': 'https://www.yelp.com/biz_redir?url=https%3A%2F%2Fparcbb.com&website_link_type=website&src_bizid=_zFYC91bOjXC9EdsT8VnVQ&cachebuster=1591116879&s=a6238e6449bc2e5b5871936ac52423be8bc5b622b546eb85ece7dc3185e4e71c',
 'website_name': 'parcbb.com'}
2020-06-02 22:25:03 [scrapy] DEBUG: Crawled (200) <GET https://www.yelp.com/biz/ee-nami-tonkatsu-izakaya-san-diego?osq=Restaurants> (referer: https://www.yelp.com/biz/parc-bistro-brasserie-san-diego)
2020-06-02 22:25:09 [scrapy] DEBUG: Scraped from <200 https://www.yelp.com/biz/ee-nami-tonkatsu-izakaya-san-diego?osq=Restaurants>
{'Direction': 'https://www.yelp.com/map/ee-nami-tonkatsu-izakaya-san-diego',
 'Name': 'EE NAMI Tonkatsu Izakaya',
 'phone': '(858) 246-6903',
 'website_link': 'https://www.yelp.com/biz_redir?url=http%3A%2F%2Feenamisd.com&website_link_type=website&src_bizid=7CjC7lj7bXvjPPRb_HqM3g&cachebuster=1591116898&s=724d1aabd5cb8e11f2fe049ad0726eea9f416923739803091750342b5d027bef',
 'website_name': 'eenamisd.com'}
2020-06-02 22:25:19 [scrapy] DEBUG: Crawled (200) <GET https://www.yelp.com/biz/cocina-35-san-diego?osq=Restaurants> (referer: https://www.yelp.com/biz/ee-nami-tonkatsu-izakaya-san-diego?osq=Restaurants)
2020-06-02 22:25:26 [scrapy] DEBUG: Scraped from <200 https://www.yelp.com/biz/cocina-35-san-diego?osq=Restaurants>
{'Direction': 'https://www.yelp.com/map/cocina-35-san-diego',
 'Name': 'Cocina 35',
 'phone': '(619) 431-5611',
 'website_link': 'https://www.yelp.com/biz_redir?url=http%3A%2F%2Fwww.cocina35.com&website_link_type=website&src_bizid=fMWoLTioV_ttwKX90bSL1Q&cachebuster=1591116915&s=9ef466e40bed6fccd503ebe5102c819f7e75a7c63950c4d44a4cba8ab076ec05',
 'website_name': 'cocina35.com'}
2020-06-02 22:25:37 [scrapy] DEBUG: Crawled (200) <GET https://www.yelp.com/biz/san-diego-poke-company-san-diego-6?osq=Restaurants> (referer: https://www.yelp.com/biz/cocina-35-san-diego?osq=Restaurants)
2020-06-02 22:25:44 [scrapy] DEBUG: Scraped from <200 https://www.yelp.com/biz/san-diego-poke-company-san-diego-6?osq=Restaurants>
{'Direction': 'https://www.yelp.com/map/san-diego-poke-company-san-diego-6',
 'Name': 'San Diego Poke Company',
 'phone': '(619) 584-4786',
 'website_link': 'https://www.yelp.com/biz_redir?url=http%3A%2F%2Fwww.sdpokeco.com&website_link_type=website&src_bizid=yuiWm2bml6XS8OSxysCVRg&cachebuster=1591116932&s=e85dd90f94405e00994a2e3a34ef88868e2de8f727648acd8b3163051bfbb059',
 'website_name': 'sdpokeco.com'}
2020-06-02 22:25:55 [scrapy] DEBUG: Crawled (200) <GET https://www.yelp.com/biz/breakfast-bitch-san-diego-2?osq=Restaurants> (referer: https://www.yelp.com/biz/san-diego-poke-company-san-diego-6?osq=Restaurants)
2020-06-02 22:26:24 [scrapy] ERROR: Spider error processing <GET https://www.yelp.com/biz/breakfast-bitch-san-diego-2?osq=Restaurants> (referer: https://www.yelp.com/biz/san-diego-poke-company-san-diego-6?osq=Restaurants)
Traceback (most recent call last):
  File "f:\web scrapping\yelp\venv\lib\site-packages\scrapy\utils\defer.py", line 117, in iter_errback
    yield next(it)
  File "f:\web scrapping\yelp\venv\lib\site-packages\scrapy\utils\python.py", line 345, in __next__
    return next(self.data)
  File "f:\web scrapping\yelp\venv\lib\site-packages\scrapy\utils\python.py", line 345, in __next__
    return next(self.data)
  File "f:\web scrapping\yelp\venv\lib\site-packages\scrapy\core\spidermw.py", line 64, in _evaluate_iterable
    for r in iterable:
  File "f:\web scrapping\yelp\venv\lib\site-packages\scrapy\spidermiddlewares\offsite.py", line 29, in process_spider_output
    for x in result:
  File "f:\web scrapping\yelp\venv\lib\site-packages\scrapy\core\spidermw.py", line 64, in _evaluate_iterable
    for r in iterable:
  File "f:\web scrapping\yelp\venv\lib\site-packages\scrapy\spidermiddlewares\referer.py", line 338, in <genexpr>
    return (_set_referer(r) for r in result or ())
  File "f:\web scrapping\yelp\venv\lib\site-packages\scrapy\core\spidermw.py", line 64, in _evaluate_iterable
    for r in iterable:
  File "f:\web scrapping\yelp\venv\lib\site-packages\scrapy\spidermiddlewares\urllength.py", line 37, in <genexpr>
    return (r for r in result or () if _filter(r))
  File "f:\web scrapping\yelp\venv\lib\site-packages\scrapy\core\spidermw.py", line 64, in _evaluate_iterable
    for r in iterable:
  File "f:\web scrapping\yelp\venv\lib\site-packages\scrapy\spidermiddlewares\depth.py", line 58, in <genexpr>
    return (r for r in result or () if _filter(r))
  File "f:\web scrapping\yelp\venv\lib\site-packages\scrapy\core\spidermw.py", line 64, in _evaluate_iterable
    for r in iterable:
  File "F:\web scrapping\yelpsecondinput\yelpdetails\yelpdetails\spiders\yelpspider.py", line 107, in scrapepages
    html = driver.page_source
  File "f:\web scrapping\yelp\venv\lib\site-packages\selenium\webdriver\remote\webdriver.py", line 679, in page_source
    return self.execute(Command.GET_PAGE_SOURCE)['value']
  File "f:\web scrapping\yelp\venv\lib\site-packages\selenium\webdriver\remote\webdriver.py", line 321, in execute
    self.error_handler.check_response(response)
  File "f:\web scrapping\yelp\venv\lib\site-packages\selenium\webdriver\remote\errorhandler.py", line 242, in check_response
    raise exception_class(message, screen, stacktrace)
selenium.common.exceptions.WebDriverException: Message: chrome not reachable
  (Session info: chrome=83.0.4103.61)

2020-06-02 22:26:27 [scrapy] INFO: Closing spider (finished)
2020-06-02 22:26:29 [scrapy] INFO: Dumping Scrapy stats:
{'downloader/response_bytes': 45419098,
 'downloader/response_count': 41,
 'downloader/response_status_count/200': 41,
 'elapsed_time_seconds': 623.812659,
 'finish_reason': 'finished',
 'finish_time': datetime.datetime(2020, 6, 2, 16, 56, 27, 75630),
 'httpcache/firsthand': 41,
 'httpcache/store': 41,
 'item_scraped_count': 5,
 'log_count/DEBUG': 1509,
 'log_count/ERROR': 3,
 'log_count/INFO': 22,
 'request_depth_max': 40,
 'response_received_count': 41,
 'scheduler/dequeued': 41,
 'scheduler/dequeued/memory': 41,
 'scheduler/enqueued': 41,
 'scheduler/enqueued/memory': 41,
 'spider_exceptions/WebDriverException': 1,
 'start_time': datetime.datetime(2020, 6, 2, 16, 46, 3, 262971)}
2020-06-02 22:26:29 [scrapy] INFO: Spider closed (finished)
