2020-06-02 21:44:08 [scrapy] DEBUG: Crawled (200) <GET https://www.yelp.com/> (referer: None)
2020-06-02 21:44:31 [scrapy] DEBUG: Crawled (200) <GET https://www.yelp.com/search?find_desc=Japanese+Restaurants&find_loc=San+Diego%2C+CA&ns=1> (referer: https://www.yelp.com/)
2020-06-02 21:44:49 [scrapy] DEBUG: Crawled (200) <GET https://www.yelp.com/search?find_desc=Japanese%20Restaurants&find_loc=San%20Diego%2C%20CA&start=30> (referer: https://www.yelp.com/search?find_desc=Japanese+Restaurants&find_loc=San+Diego%2C+CA&ns=1)
2020-06-02 21:45:27 [scrapy] DEBUG: Crawled (200) <GET https://www.yelp.com/search?find_desc=Japanese%20Restaurants&find_loc=San%20Diego%2C%20CA&start=60> (referer: https://www.yelp.com/search?find_desc=Japanese%20Restaurants&find_loc=San%20Diego%2C%20CA&start=30)
2020-06-02 21:46:01 [scrapy] DEBUG: Crawled (200) <GET https://www.yelp.com/search?find_desc=Japanese%20Restaurants&find_loc=San%20Diego%2C%20CA&start=90> (referer: https://www.yelp.com/search?find_desc=Japanese%20Restaurants&find_loc=San%20Diego%2C%20CA&start=60)
2020-06-02 21:46:23 [scrapy] DEBUG: Crawled (200) <GET https://www.yelp.com/search?find_desc=Japanese%20Restaurants&find_loc=San%20Diego%2C%20CA&start=120> (referer: https://www.yelp.com/search?find_desc=Japanese%20Restaurants&find_loc=San%20Diego%2C%20CA&start=90)
2020-06-02 21:46:47 [scrapy] DEBUG: Crawled (200) <GET https://www.yelp.com/search?find_desc=Japanese%20Restaurants&find_loc=San%20Diego%2C%20CA&start=150> (referer: https://www.yelp.com/search?find_desc=Japanese%20Restaurants&find_loc=San%20Diego%2C%20CA&start=120)
2020-06-02 21:47:10 [scrapy] DEBUG: Crawled (200) <GET https://www.yelp.com/search?find_desc=Japanese%20Restaurants&find_loc=San%20Diego%2C%20CA&start=180> (referer: https://www.yelp.com/search?find_desc=Japanese%20Restaurants&find_loc=San%20Diego%2C%20CA&start=150)
2020-06-02 21:47:31 [scrapy] DEBUG: Crawled (200) <GET https://www.yelp.com/search?find_desc=Japanese%20Restaurants&find_loc=San%20Diego%2C%20CA&start=210> (referer: https://www.yelp.com/search?find_desc=Japanese%20Restaurants&find_loc=San%20Diego%2C%20CA&start=180)
2020-06-02 21:47:52 [scrapy] DEBUG: Crawled (200) <GET https://www.yelp.com/search?find_desc=Japanese%20Restaurants&find_loc=San%20Diego%2C%20CA&start=240> (referer: https://www.yelp.com/search?find_desc=Japanese%20Restaurants&find_loc=San%20Diego%2C%20CA&start=210)
2020-06-02 21:48:13 [scrapy] DEBUG: Crawled (200) <GET https://www.yelp.com/search?find_desc=Japanese%20Restaurants&find_loc=San%20Diego%2C%20CA&start=270> (referer: https://www.yelp.com/search?find_desc=Japanese%20Restaurants&find_loc=San%20Diego%2C%20CA&start=240)
2020-06-02 21:48:36 [scrapy] DEBUG: Crawled (200) <GET https://www.yelp.com/search?find_desc=Japanese%20Restaurants&find_loc=San%20Diego%2C%20CA&start=300> (referer: https://www.yelp.com/search?find_desc=Japanese%20Restaurants&find_loc=San%20Diego%2C%20CA&start=270)
2020-06-02 21:48:57 [scrapy] DEBUG: Crawled (200) <GET https://www.yelp.com/search?find_desc=Japanese%20Restaurants&find_loc=San%20Diego%2C%20CA&start=330> (referer: https://www.yelp.com/search?find_desc=Japanese%20Restaurants&find_loc=San%20Diego%2C%20CA&start=300)
2020-06-02 21:49:19 [scrapy] DEBUG: Crawled (200) <GET https://www.yelp.com/search?find_desc=Japanese%20Restaurants&find_loc=San%20Diego%2C%20CA&start=360> (referer: https://www.yelp.com/search?find_desc=Japanese%20Restaurants&find_loc=San%20Diego%2C%20CA&start=330)
2020-06-02 21:49:43 [scrapy] DEBUG: Crawled (200) <GET https://www.yelp.com/search?find_desc=Japanese%20Restaurants&find_loc=San%20Diego%2C%20CA&start=390> (referer: https://www.yelp.com/search?find_desc=Japanese%20Restaurants&find_loc=San%20Diego%2C%20CA&start=360)
2020-06-02 21:50:08 [scrapy] DEBUG: Crawled (200) <GET https://www.yelp.com/search?find_desc=Japanese%20Restaurants&find_loc=San%20Diego%2C%20CA&start=420> (referer: https://www.yelp.com/search?find_desc=Japanese%20Restaurants&find_loc=San%20Diego%2C%20CA&start=390)
2020-06-02 21:50:30 [scrapy] DEBUG: Crawled (200) <GET https://www.yelp.com/search?find_desc=Japanese%20Restaurants&find_loc=San%20Diego%2C%20CA&start=450> (referer: https://www.yelp.com/search?find_desc=Japanese%20Restaurants&find_loc=San%20Diego%2C%20CA&start=420)
2020-06-02 21:50:53 [scrapy] DEBUG: Crawled (200) <GET https://www.yelp.com/search?find_desc=Japanese%20Restaurants&find_loc=San%20Diego%2C%20CA&start=480> (referer: https://www.yelp.com/search?find_desc=Japanese%20Restaurants&find_loc=San%20Diego%2C%20CA&start=450)
2020-06-02 21:51:15 [scrapy] DEBUG: Crawled (200) <GET https://www.yelp.com/search?find_desc=Japanese%20Restaurants&find_loc=San%20Diego%2C%20CA&start=510> (referer: https://www.yelp.com/search?find_desc=Japanese%20Restaurants&find_loc=San%20Diego%2C%20CA&start=480)
2020-06-02 21:51:37 [scrapy] DEBUG: Crawled (200) <GET https://www.yelp.com/search?find_desc=Japanese%20Restaurants&find_loc=San%20Diego%2C%20CA&start=540> (referer: https://www.yelp.com/search?find_desc=Japanese%20Restaurants&find_loc=San%20Diego%2C%20CA&start=510)
2020-06-02 21:51:58 [scrapy] DEBUG: Crawled (200) <GET https://www.yelp.com/adredir?ad_business_id=L2rcFMJJK7bn9TlSePPOxg&campaign_id=fGnnafIfXcIxnheDtQ9ftA&click_origin=search_results&placement=above_search&redirect_url=https%3A%2F%2Fwww.yelp.com%2Fbiz%2Fikiru-japanese-san-diego&request_id=ba41dd037a219807&signature=462ef5b4da42bc0c2956f1054ea1dd7fcbcda42d394aed0ea30f6b62cc505681&slot=0> (referer: https://www.yelp.com/search?find_desc=Japanese%20Restaurants&find_loc=San%20Diego%2C%20CA&start=540)
2020-06-02 21:52:05 [scrapy] DEBUG: Scraped from <200 https://www.yelp.com/biz/ikiru-japanese-san-diego>
{'Direction': 'https://www.yelp.com/map/ikiru-japanese-san-diego',
 'Name': 'Ikiru Japanese',
 'phone': '(619) 221-1228',
 'website_link': 'NA',
 'website_name': 'NA'}
2020-06-02 21:52:18 [scrapy] DEBUG: Crawled (200) <GET https://www.yelp.com/adredir?ad_business_id=bAMaQMrOGCkAIYxzBFNpbQ&campaign_id=oDQK9YJo010oCv2O-dLnOw&click_origin=search_results&placement=above_search&redirect_url=https%3A%2F%2Fwww.yelp.com%2Fbiz%2Fhyshinu-el-cajon&request_id=ba41dd037a219807&signature=1058d37254626f855aa615515550d0ffc583a2bb77fb3b3402a317b88a4170b6&slot=1> (referer: https://www.yelp.com/biz/ikiru-japanese-san-diego)
2020-06-02 21:52:24 [scrapy] DEBUG: Scraped from <200 https://www.yelp.com/biz/hyshinu-el-cajon>
{'Direction': 'https://www.yelp.com/map/hyshinu-el-cajon',
 'Name': 'Hyshinu',
 'phone': '(619) 255-1142',
 'website_link': 'NA',
 'website_name': 'NA'}
2020-06-02 21:52:37 [scrapy] DEBUG: Crawled (200) <GET https://www.yelp.com/biz/wa-dining-okan-san-diego-2?osq=Japanese+Restaurants> (referer: https://www.yelp.com/biz/hyshinu-el-cajon)
2020-06-02 21:52:45 [scrapy] DEBUG: Scraped from <200 https://www.yelp.com/biz/wa-dining-okan-san-diego-2?osq=Japanese+Restaurants>
{'Direction': 'https://www.yelp.com/map/wa-dining-okan-san-diego-2',
 'Name': 'Wa Dining OKAN',
 'phone': '(858) 279-0941',
 'website_link': 'https://www.yelp.com/biz_redir?url=http%3A%2F%2Fwadiningokan.top-cafes.com&website_link_type=website&src_bizid=9ylUZ4hPyg7UVcZn6cp4gA&cachebuster=1591114950&s=98a9cead6221d5422d17cd5803589a2daf63564c8248ae5d60eb3b74df2ef721',
 'website_name': 'wadiningokan.top-cafes.com'}
2020-06-02 21:52:58 [scrapy] DEBUG: Crawled (200) <GET https://www.yelp.com/biz/azuki-sushi-san-diego-2?osq=Japanese+Restaurants> (referer: https://www.yelp.com/biz/wa-dining-okan-san-diego-2?osq=Japanese+Restaurants)
2020-06-02 21:53:00 [scrapy] DEBUG: Scraped from <200 https://www.yelp.com/biz/azuki-sushi-san-diego-2?osq=Japanese+Restaurants>
{'Direction': 'https://www.yelp.com/map/azuki-sushi-san-diego-2',
 'Name': 'Azuki Sushi',
 'phone': '(619) 238-4760',
 'website_link': 'https://www.yelp.com/biz_redir?url=http%3A%2F%2Fwww.azukisushi.com&website_link_type=website&src_bizid=O1NFJA0OI0-N77JzP7qlfQ&cachebuster=1591114971&s=d8d579a12e30c427db823e381b993b205a321e19b8ec50813266cfb63a3b77d4',
 'website_name': 'azukisushi.com'}
2020-06-02 21:53:19 [scrapy] DEBUG: Crawled (200) <GET https://www.yelp.com/biz/yokohama-yakitori-koubou-san-diego-2?osq=Japanese+Restaurants> (referer: https://www.yelp.com/biz/azuki-sushi-san-diego-2?osq=Japanese+Restaurants)
2020-06-02 21:53:21 [scrapy] DEBUG: Scraped from <200 https://www.yelp.com/biz/yokohama-yakitori-koubou-san-diego-2?osq=Japanese+Restaurants>
{'Direction': 'https://www.yelp.com/map/yokohama-yakitori-koubou-san-diego-2',
 'Name': 'Yokohama Yakitori Koubou',
 'phone': '(858) 277-8822',
 'website_link': 'https://www.yelp.com/biz_redir?url=http%3A%2F%2Fwww.yokohamayakitorikoubou.com%2F&website_link_type=website&src_bizid=jl4sx_VhdObAQgRrNb458g&cachebuster=1591114994&s=4a68a760fb4826642f39415132db5b7d9fcd8068a3555a094f3d398108abf651',
 'website_name': 'yokohamayakitorikoubou.com'}
2020-06-02 21:53:41 [scrapy] DEBUG: Crawled (200) <GET https://www.yelp.com/biz/ee-nami-tonkatsu-izakaya-san-diego?osq=Japanese+Restaurants> (referer: https://www.yelp.com/biz/yokohama-yakitori-koubou-san-diego-2?osq=Japanese+Restaurants)
2020-06-02 21:53:49 [scrapy] DEBUG: Scraped from <200 https://www.yelp.com/biz/ee-nami-tonkatsu-izakaya-san-diego?osq=Japanese+Restaurants>
{'Direction': 'https://www.yelp.com/map/ee-nami-tonkatsu-izakaya-san-diego',
 'Name': 'EE NAMI Tonkatsu Izakaya',
 'phone': '(858) 246-6903',
 'website_link': 'https://www.yelp.com/biz_redir?url=http%3A%2F%2Feenamisd.com&website_link_type=website&src_bizid=7CjC7lj7bXvjPPRb_HqM3g&cachebuster=1591115015&s=2688bdbdc8a3b6788cdad01438b73c18136cf75440c6a67fd98d4739dae9086f',
 'website_name': 'eenamisd.com'}
2020-06-02 21:54:05 [scrapy] DEBUG: Crawled (200) <GET https://www.yelp.com/biz/sushi-ota-san-diego?osq=Japanese+Restaurants> (referer: https://www.yelp.com/biz/ee-nami-tonkatsu-izakaya-san-diego?osq=Japanese+Restaurants)
2020-06-02 21:54:14 [scrapy] DEBUG: Scraped from <200 https://www.yelp.com/biz/sushi-ota-san-diego?osq=Japanese+Restaurants>
{'Direction': 'https://www.yelp.com/map/sushi-ota-san-diego',
 'Name': 'Sushi Ota',
 'phone': '(858) 270-5670',
 'website_link': 'https://www.yelp.com/biz_redir?url=http%3A%2F%2Fwww.sushiota.com%2F&website_link_type=website&src_bizid=3S6VtYgcXL8lRic0iV5GYQ&cachebuster=1591115037&s=b12c31394a96d7953fd1c7c268a086ef6267ec0f551b903b43556b589af312fc',
 'website_name': 'sushiota.com'}
2020-06-02 21:54:26 [scrapy] DEBUG: Crawled (200) <GET https://www.yelp.com/biz/izakaya-masa-san-diego?osq=Japanese+Restaurants> (referer: https://www.yelp.com/biz/sushi-ota-san-diego?osq=Japanese+Restaurants)
2020-06-02 21:54:35 [scrapy] DEBUG: Scraped from <200 https://www.yelp.com/biz/izakaya-masa-san-diego?osq=Japanese+Restaurants>
{'Direction': 'https://www.yelp.com/map/izakaya-masa-san-diego',
 'Name': 'Izakaya Masa',
 'phone': '(619) 542-1354',
 'website_link': 'https://www.yelp.com/biz_redir?url=http%3A%2F%2Fwww.izakayamasa.com&website_link_type=website&src_bizid=1yhgFgMc_QTuayFjROHhCQ&cachebuster=1591115061&s=833b826b4001997583b8b1cf256c1852043354760c97b4774151b3d9e06798d4',
 'website_name': 'izakayamasa.com'}
2020-06-02 21:54:48 [scrapy] DEBUG: Crawled (200) <GET https://www.yelp.com/biz/kokoro-restaurant-san-diego-2?osq=Japanese+Restaurants> (referer: https://www.yelp.com/biz/izakaya-masa-san-diego?osq=Japanese+Restaurants)
2020-06-02 21:54:57 [scrapy] DEBUG: Scraped from <200 https://www.yelp.com/biz/kokoro-restaurant-san-diego-2?osq=Japanese+Restaurants>
{'Direction': 'https://www.yelp.com/map/kokoro-restaurant-san-diego-2',
 'Name': 'Kokoro Restaurant',
 'phone': '(858) 565-4113',
 'website_link': 'https://www.yelp.com/biz_redir?url=http%3A%2F%2Fwww.kokoro-restaurant.net&website_link_type=website&src_bizid=fmk13zHLXQ8gtPOVkVGB6w&cachebuster=1591115082&s=f4cfd31f51745047fc118272e1861bfe04c5cfaae85cb3c3476dad2a8d2e661b',
 'website_name': 'kokoro-restaurant.net'}
2020-06-02 21:55:06 [scrapy] DEBUG: Crawled (200) <GET https://www.yelp.com/biz/yakyudori-san-diego?osq=Japanese+Restaurants> (referer: https://www.yelp.com/biz/kokoro-restaurant-san-diego-2?osq=Japanese+Restaurants)
2020-06-02 21:55:21 [scrapy] DEBUG: Scraped from <200 https://www.yelp.com/biz/yakyudori-san-diego?osq=Japanese+Restaurants>
{'Direction': 'https://www.yelp.com/map/yakyudori-san-diego',
 'Name': 'Yakyudori',
 'phone': '(858) 268-2888',
 'website_link': 'https://www.yelp.com/biz_redir?url=http%3A%2F%2Fsandiegoyakyudori.com%2Fpage%2Fyakyudori&website_link_type=website&src_bizid=_T88LJN8whEPe6uovSsb0g&cachebuster=1591115098&s=25fe10eccea9e5a55f0347ca1334d7d8aee37c740f1c979c5ee5430f5306cedc',
 'website_name': 'sandiegoyakyudori.com/page/yak…'}
2020-06-02 21:55:29 [scrapy] DEBUG: Crawled (200) <GET https://www.yelp.com/biz/robataya-oton-san-diego-2?osq=Japanese+Restaurants> (referer: https://www.yelp.com/biz/yakyudori-san-diego?osq=Japanese+Restaurants)
2020-06-02 21:55:43 [scrapy] DEBUG: Scraped from <200 https://www.yelp.com/biz/robataya-oton-san-diego-2?osq=Japanese+Restaurants>
{'Direction': 'https://www.yelp.com/map/robataya-oton-san-diego-2',
 'Name': 'Robataya Oton',
 'phone': '(858) 277-3989',
 'website_link': 'https://www.yelp.com/biz_redir?url=https%3A%2F%2Frobatayaotonsd.com&website_link_type=website&src_bizid=rvKODj_feRX-Ti0LyKSNcg&cachebuster=1591115122&s=98a2602cd218c6b2577eca1c9cea5743567fd72996f50b84cf7bb9ccadd72a21',
 'website_name': 'robatayaotonsd.com'}
2020-06-02 21:55:56 [scrapy] DEBUG: Crawled (200) <GET https://www.yelp.com/biz/tajima-mercury-san-diego-6?osq=Japanese+Restaurants> (referer: https://www.yelp.com/biz/robataya-oton-san-diego-2?osq=Japanese+Restaurants)
2020-06-02 21:56:06 [scrapy] DEBUG: Scraped from <200 https://www.yelp.com/biz/tajima-mercury-san-diego-6?osq=Japanese+Restaurants>
{'Direction': 'https://www.yelp.com/map/tajima-mercury-san-diego-6',
 'Name': 'Tajima Mercury',
 'phone': '(858) 278-5367',
 'website_link': 'https://www.yelp.com/biz_redir?url=http%3A%2F%2Ftajimasandiego.com%2Flocations%2Ftajima-mercury%2F&website_link_type=website&src_bizid=-puDFMMdediMnHeqDbvbBg&cachebuster=1591115150&s=6805146914762439b7b1254d66250d59d757e08dfe981dd59097c4eb0e9c700e',
 'website_name': 'tajimasandiego.com'}
2020-06-02 21:56:12 [scrapy] DEBUG: Crawled (200) <GET https://www.yelp.com/biz/ikiru-japanese-san-diego?osq=Japanese+Restaurants> (referer: https://www.yelp.com/biz/tajima-mercury-san-diego-6?osq=Japanese+Restaurants)
2020-06-02 21:56:26 [scrapy] DEBUG: Scraped from <200 https://www.yelp.com/biz/ikiru-japanese-san-diego?osq=Japanese+Restaurants>
{'Direction': 'https://www.yelp.com/map/ikiru-japanese-san-diego',
 'Name': 'Ikiru Japanese',
 'phone': '(619) 221-1228',
 'website_link': 'NA',
 'website_name': 'NA'}
2020-06-02 21:56:40 [scrapy] DEBUG: Crawled (200) <GET https://www.yelp.com/biz/okan-diner-san-diego?osq=Japanese+Restaurants> (referer: https://www.yelp.com/biz/ikiru-japanese-san-diego?osq=Japanese+Restaurants)
2020-06-02 21:56:49 [scrapy] DEBUG: Scraped from <200 https://www.yelp.com/biz/okan-diner-san-diego?osq=Japanese+Restaurants>
{'Direction': 'https://www.yelp.com/map/okan-diner-san-diego',
 'Name': 'Okan Diner',
 'phone': '(858) 278-4228',
 'website_link': 'NA',
 'website_name': 'NA'}
2020-06-02 21:57:03 [scrapy] DEBUG: Crawled (200) <GET https://www.yelp.com/biz/yakitori-taisho-san-diego?osq=Japanese+Restaurants> (referer: https://www.yelp.com/biz/okan-diner-san-diego?osq=Japanese+Restaurants)
2020-06-02 21:57:12 [scrapy] DEBUG: Scraped from <200 https://www.yelp.com/biz/yakitori-taisho-san-diego?osq=Japanese+Restaurants>
{'Direction': 'https://www.yelp.com/map/yakitori-taisho-san-diego',
 'Name': 'Yakitori Taisho',
 'phone': '(858) 752-0468',
 'website_link': 'https://www.yelp.com/biz_redir?url=http%3A%2F%2Fsandiegoyakyudori.com%2Fpage%2Ftaisho&website_link_type=website&src_bizid=MSK605T_kipDGhx0VMmaZA&cachebuster=1591115216&s=9de930c474e4a8ed9d659ede25ca913065c4886fa710d5dcb53dcc0f97186dce',
 'website_name': 'sandiegoyakyudori.com'}
2020-06-02 21:57:19 [scrapy] DEBUG: Crawled (200) <GET https://www.yelp.com/biz/soichi-sushi-san-diego-2?osq=Japanese+Restaurants> (referer: https://www.yelp.com/biz/yakitori-taisho-san-diego?osq=Japanese+Restaurants)
2020-06-02 21:57:34 [scrapy] DEBUG: Scraped from <200 https://www.yelp.com/biz/soichi-sushi-san-diego-2?osq=Japanese+Restaurants>
{'Direction': 'https://www.yelp.com/map/soichi-sushi-san-diego-2',
 'Name': 'Soichi Sushi',
 'phone': '(619) 677-2220',
 'website_link': 'https://www.yelp.com/biz_redir?url=https%3A%2F%2Fwww.soichisushi.com&website_link_type=website&src_bizid=TSYhYwOPeaZmRNuiJoZaAw&cachebuster=1591115233&s=baee10fa2e840db93f1efdaddf36338ca7d40353c52a03e89be61d6ddd95a9fa',
 'website_name': 'soichisushi.com'}
2020-06-02 21:57:49 [scrapy] DEBUG: Crawled (200) <GET https://www.yelp.com/biz/ichiro-japanese-restaurant-san-diego-3?osq=Japanese+Restaurants> (referer: https://www.yelp.com/biz/soichi-sushi-san-diego-2?osq=Japanese+Restaurants)
2020-06-02 21:58:00 [scrapy] DEBUG: Scraped from <200 https://www.yelp.com/biz/ichiro-japanese-restaurant-san-diego-3?osq=Japanese+Restaurants>
{'Direction': 'https://www.yelp.com/map/ichiro-japanese-restaurant-san-diego-3',
 'Name': 'Ichiro Japanese Restaurant',
 'phone': '(858) 565-8603',
 'website_link': 'https://www.yelp.com/biz_redir?url=http%3A%2F%2Fwww.ichirosrestaurant.com%2F&website_link_type=website&src_bizid=AMIUmmRIs7_TRhlGTwn3RQ&cachebuster=1591115262&s=d8479ce478786543c108bad33ad99ecaf8bec831154bb79a5aa8e97b36fefb0c',
 'website_name': 'ichirosrestaurant.com'}
2020-06-02 21:58:08 [scrapy] DEBUG: Crawled (200) <GET https://www.yelp.com/biz/tanuki-san-diego?osq=Japanese+Restaurants> (referer: https://www.yelp.com/biz/ichiro-japanese-restaurant-san-diego-3?osq=Japanese+Restaurants)
2020-06-02 21:58:24 [scrapy] DEBUG: Scraped from <200 https://www.yelp.com/biz/tanuki-san-diego?osq=Japanese+Restaurants>
{'Direction': 'https://www.yelp.com/map/tanuki-san-diego',
 'Name': 'Tanuki',
 'phone': '(619) 624-0592',
 'website_link': 'https://www.yelp.com/biz_redir?url=https%3A%2F%2Ftanukisakebar.com&website_link_type=website&src_bizid=5IcovCryItzBBv7CMtaAsg&cachebuster=1591115282&s=f0f35a718054d8cf117108d43541544fee25c7a39cafec363d3d7a0ccb04e2ee',
 'website_name': 'tanukisakebar.com'}
2020-06-02 21:58:32 [scrapy] DEBUG: Crawled (200) <GET https://www.yelp.com/biz/tsuruhashi-japanese-bbq-san-diego?osq=Japanese+Restaurants> (referer: https://www.yelp.com/biz/tanuki-san-diego?osq=Japanese+Restaurants)
2020-06-02 21:58:46 [scrapy] DEBUG: Scraped from <200 https://www.yelp.com/biz/tsuruhashi-japanese-bbq-san-diego?osq=Japanese+Restaurants>
{'Direction': 'https://www.yelp.com/map/tsuruhashi-japanese-bbq-san-diego',
 'Name': 'Tsuruhashi Japanese BBQ',
 'phone': '(858) 279-8929',
 'website_link': 'https://www.yelp.com/biz_redir?url=https%3A%2F%2Ftsuruhashirestaurant.com&website_link_type=website&src_bizid=pbPhJJ70wrT8fockrFZ13Q&cachebuster=1591115306&s=066c9a04a75d0fc61a01d2871ed8ec6781cc7a4f90e6b61da62c8d88de270449',
 'website_name': 'tsuruhashirestaurant.com'}
2020-06-02 21:58:54 [scrapy] DEBUG: Crawled (200) <GET https://www.yelp.com/biz/yoshino-japanese-restaurant-san-diego?osq=Japanese+Restaurants> (referer: https://www.yelp.com/biz/tsuruhashi-japanese-bbq-san-diego?osq=Japanese+Restaurants)
2020-06-02 21:59:09 [scrapy] DEBUG: Scraped from <200 https://www.yelp.com/biz/yoshino-japanese-restaurant-san-diego?osq=Japanese+Restaurants>
{'Direction': 'https://www.yelp.com/map/yoshino-japanese-restaurant-san-diego',
 'Name': 'Yoshino Japanese Restaurant',
 'phone': '(619) 295-2232',
 'website_link': 'https://www.yelp.com/biz_redir?url=http%3A%2F%2Fwww.yoshinosjapanese.com&website_link_type=website&src_bizid=79zHqzpW8Gt7QHfNpkOHUw&cachebuster=1591115327&s=e02ba0641cff0afafc008134c6718b8069445e63f777e4b8c6f2907ecabcdf32',
 'website_name': 'yoshinosjapanese.com'}
2020-06-02 21:59:09 [scrapy] INFO: Closing spider (closespider_itemcount)
2020-06-02 21:59:19 [scrapy] INFO: Dumping Scrapy stats:
{'downloader/response_bytes': 55521243,
 'downloader/response_count': 40,
 'downloader/response_status_count/200': 40,
 'elapsed_time_seconds': 915.308478,
 'finish_reason': 'closespider_itemcount',
 'finish_time': datetime.datetime(2020, 6, 2, 16, 29, 16, 419325),
 'httpcache/firsthand': 40,
 'httpcache/store': 40,
 'item_scraped_count': 20,
 'log_count/DEBUG': 2024,
 'log_count/INFO': 19,
 'request_depth_max': 40,
 'response_received_count': 40,
 'scheduler/dequeued': 40,
 'scheduler/dequeued/memory': 40,
 'scheduler/enqueued': 41,
 'scheduler/enqueued/memory': 41,
 'start_time': datetime.datetime(2020, 6, 2, 16, 14, 1, 110847)}
2020-06-02 21:59:19 [scrapy] INFO: Spider closed (closespider_itemcount)
