2020-06-03 22:16:14 [scrapy] DEBUG: Crawled (200) <GET https://www.yelp.com/> (referer: None)
2020-06-03 22:16:34 [scrapy] DEBUG: Crawled (200) <GET https://www.yelp.com/search?find_desc=Massage&find_loc=San+Diego%2C+CA&ns=1> (referer: https://www.yelp.com/)
2020-06-03 22:16:44 [scrapy] DEBUG: Crawled (200) <GET https://www.yelp.com/search?find_desc=Massage&find_loc=San%20Diego%2C%20CA&start=10> (referer: https://www.yelp.com/search?find_desc=Massage&find_loc=San+Diego%2C+CA&ns=1)
2020-06-03 22:17:05 [scrapy] DEBUG: Crawled (200) <GET https://www.yelp.com/search?find_desc=Massage&find_loc=San%20Diego%2C%20CA&start=20> (referer: https://www.yelp.com/search?find_desc=Massage&find_loc=San%20Diego%2C%20CA&start=10)
2020-06-03 22:17:16 [scrapy] DEBUG: Crawled (200) <GET https://www.yelp.com/search?find_desc=Massage&find_loc=San%20Diego%2C%20CA&start=30> (referer: https://www.yelp.com/search?find_desc=Massage&find_loc=San%20Diego%2C%20CA&start=20)
2020-06-03 22:17:26 [scrapy] DEBUG: Crawled (200) <GET https://www.yelp.com/search?find_desc=Massage&find_loc=San%20Diego%2C%20CA&start=40> (referer: https://www.yelp.com/search?find_desc=Massage&find_loc=San%20Diego%2C%20CA&start=30)
2020-06-03 22:17:36 [scrapy] DEBUG: Crawled (200) <GET https://www.yelp.com/search?find_desc=Massage&find_loc=San%20Diego%2C%20CA&start=50> (referer: https://www.yelp.com/search?find_desc=Massage&find_loc=San%20Diego%2C%20CA&start=40)
2020-06-03 22:17:47 [scrapy] DEBUG: Crawled (200) <GET https://www.yelp.com/search?find_desc=Massage&find_loc=San%20Diego%2C%20CA&start=60> (referer: https://www.yelp.com/search?find_desc=Massage&find_loc=San%20Diego%2C%20CA&start=50)
2020-06-03 22:17:57 [scrapy] DEBUG: Crawled (200) <GET https://www.yelp.com/search?find_desc=Massage&find_loc=San%20Diego%2C%20CA&start=70> (referer: https://www.yelp.com/search?find_desc=Massage&find_loc=San%20Diego%2C%20CA&start=60)
2020-06-03 22:18:08 [scrapy] DEBUG: Crawled (200) <GET https://www.yelp.com/search?find_desc=Massage&find_loc=San%20Diego%2C%20CA&start=80> (referer: https://www.yelp.com/search?find_desc=Massage&find_loc=San%20Diego%2C%20CA&start=70)
2020-06-03 22:18:20 [scrapy] DEBUG: Crawled (200) <GET https://www.yelp.com/search?find_desc=Massage&find_loc=San%20Diego%2C%20CA&start=90> (referer: https://www.yelp.com/search?find_desc=Massage&find_loc=San%20Diego%2C%20CA&start=80)
2020-06-03 22:18:31 [scrapy] DEBUG: Crawled (200) <GET https://www.yelp.com/search?find_desc=Massage&find_loc=San%20Diego%2C%20CA&start=100> (referer: https://www.yelp.com/search?find_desc=Massage&find_loc=San%20Diego%2C%20CA&start=90)
2020-06-03 22:18:41 [scrapy] DEBUG: Crawled (200) <GET https://www.yelp.com/search?find_desc=Massage&find_loc=San%20Diego%2C%20CA&start=110> (referer: https://www.yelp.com/search?find_desc=Massage&find_loc=San%20Diego%2C%20CA&start=100)
2020-06-03 22:18:52 [scrapy] DEBUG: Crawled (200) <GET https://www.yelp.com/search?find_desc=Massage&find_loc=San%20Diego%2C%20CA&start=120> (referer: https://www.yelp.com/search?find_desc=Massage&find_loc=San%20Diego%2C%20CA&start=110)
2020-06-03 22:19:03 [scrapy] DEBUG: Crawled (200) <GET https://www.yelp.com/search?find_desc=Massage&find_loc=San%20Diego%2C%20CA&start=130> (referer: https://www.yelp.com/search?find_desc=Massage&find_loc=San%20Diego%2C%20CA&start=120)
2020-06-03 22:19:13 [scrapy] DEBUG: Crawled (200) <GET https://www.yelp.com/search?find_desc=Massage&find_loc=San%20Diego%2C%20CA&start=140> (referer: https://www.yelp.com/search?find_desc=Massage&find_loc=San%20Diego%2C%20CA&start=130)
2020-06-03 22:19:22 [scrapy] DEBUG: Crawled (200) <GET https://www.yelp.com/search?find_desc=Massage&find_loc=San%20Diego%2C%20CA&start=150> (referer: https://www.yelp.com/search?find_desc=Massage&find_loc=San%20Diego%2C%20CA&start=140)
2020-06-03 22:19:32 [scrapy] DEBUG: Crawled (200) <GET https://www.yelp.com/search?find_desc=Massage&find_loc=San%20Diego%2C%20CA&start=160> (referer: https://www.yelp.com/search?find_desc=Massage&find_loc=San%20Diego%2C%20CA&start=150)
2020-06-03 22:19:43 [scrapy] DEBUG: Crawled (200) <GET https://www.yelp.com/search?find_desc=Massage&find_loc=San%20Diego%2C%20CA&start=170> (referer: https://www.yelp.com/search?find_desc=Massage&find_loc=San%20Diego%2C%20CA&start=160)
2020-06-03 22:19:53 [scrapy] DEBUG: Crawled (200) <GET https://www.yelp.com/search?find_desc=Massage&find_loc=San%20Diego%2C%20CA&start=180> (referer: https://www.yelp.com/search?find_desc=Massage&find_loc=San%20Diego%2C%20CA&start=170)
2020-06-03 22:20:02 [scrapy] DEBUG: Crawled (200) <GET https://www.yelp.com/search?find_desc=Massage&find_loc=San%20Diego%2C%20CA&start=190> (referer: https://www.yelp.com/search?find_desc=Massage&find_loc=San%20Diego%2C%20CA&start=180)
2020-06-03 22:20:13 [scrapy] DEBUG: Crawled (200) <GET https://www.yelp.com/search?find_desc=Massage&find_loc=San%20Diego%2C%20CA&start=200> (referer: https://www.yelp.com/search?find_desc=Massage&find_loc=San%20Diego%2C%20CA&start=190)
2020-06-03 22:20:22 [scrapy] DEBUG: Crawled (200) <GET https://www.yelp.com/search?find_desc=Massage&find_loc=San%20Diego%2C%20CA&start=210> (referer: https://www.yelp.com/search?find_desc=Massage&find_loc=San%20Diego%2C%20CA&start=200)
2020-06-03 22:20:32 [scrapy] DEBUG: Crawled (200) <GET https://www.yelp.com/search?find_desc=Massage&find_loc=San%20Diego%2C%20CA&start=220> (referer: https://www.yelp.com/search?find_desc=Massage&find_loc=San%20Diego%2C%20CA&start=210)
2020-06-03 22:20:43 [scrapy] DEBUG: Crawled (200) <GET https://www.yelp.com/search?find_desc=Massage&find_loc=San%20Diego%2C%20CA&start=230> (referer: https://www.yelp.com/search?find_desc=Massage&find_loc=San%20Diego%2C%20CA&start=220)
2020-06-03 22:20:52 [scrapy] DEBUG: Crawled (200) <GET https://www.yelp.com/search?find_desc=Massage&find_loc=San%20Diego%2C%20CA&start=240> (referer: https://www.yelp.com/search?find_desc=Massage&find_loc=San%20Diego%2C%20CA&start=230)
2020-06-03 22:21:02 [scrapy] DEBUG: Crawled (200) <GET https://www.yelp.com/search?find_desc=Massage&find_loc=San%20Diego%2C%20CA&start=250> (referer: https://www.yelp.com/search?find_desc=Massage&find_loc=San%20Diego%2C%20CA&start=240)
2020-06-03 22:21:11 [scrapy] DEBUG: Crawled (200) <GET https://www.yelp.com/search?find_desc=Massage&find_loc=San%20Diego%2C%20CA&start=260> (referer: https://www.yelp.com/search?find_desc=Massage&find_loc=San%20Diego%2C%20CA&start=250)
2020-06-03 22:21:21 [scrapy] DEBUG: Crawled (200) <GET https://www.yelp.com/search?find_desc=Massage&find_loc=San%20Diego%2C%20CA&start=270> (referer: https://www.yelp.com/search?find_desc=Massage&find_loc=San%20Diego%2C%20CA&start=260)
2020-06-03 22:21:31 [scrapy] DEBUG: Crawled (200) <GET https://www.yelp.com/search?find_desc=Massage&find_loc=San%20Diego%2C%20CA&start=280> (referer: https://www.yelp.com/search?find_desc=Massage&find_loc=San%20Diego%2C%20CA&start=270)
2020-06-03 22:21:41 [scrapy] DEBUG: Crawled (200) <GET https://www.yelp.com/search?find_desc=Massage&find_loc=San%20Diego%2C%20CA&start=290> (referer: https://www.yelp.com/search?find_desc=Massage&find_loc=San%20Diego%2C%20CA&start=280)
2020-06-03 22:21:51 [scrapy] DEBUG: Crawled (200) <GET https://www.yelp.com/search?find_desc=Massage&find_loc=San%20Diego%2C%20CA&start=300> (referer: https://www.yelp.com/search?find_desc=Massage&find_loc=San%20Diego%2C%20CA&start=290)
2020-06-03 22:22:01 [scrapy] DEBUG: Crawled (200) <GET https://www.yelp.com/search?find_desc=Massage&find_loc=San%20Diego%2C%20CA&start=310> (referer: https://www.yelp.com/search?find_desc=Massage&find_loc=San%20Diego%2C%20CA&start=300)
2020-06-03 22:22:31 [scrapy] ERROR: Error downloading <GET https://www.yelp.com/search?find_desc=Massage&find_loc=San%20Diego%2C%20CA&start=320>
Traceback (most recent call last):
  File "f:\web scrapping\yelp\venv\lib\site-packages\twisted\internet\defer.py", line 1418, in _inlineCallbacks
    result = g.send(result)
  File "f:\web scrapping\yelp\venv\lib\site-packages\scrapy\core\downloader\middleware.py", line 36, in process_request
    response = yield deferred_from_coro(method(request=request, spider=spider))
  File "f:\web scrapping\yelp\venv\lib\site-packages\scrapy_selenium\middlewares.py", line 100, in process_request
    request.meta['screenshot'] = self.driver.get_screenshot_as_png()
  File "f:\web scrapping\yelp\venv\lib\site-packages\selenium\webdriver\remote\webdriver.py", line 1064, in get_screenshot_as_png
    return base64.b64decode(self.get_screenshot_as_base64().encode('ascii'))
  File "f:\web scrapping\yelp\venv\lib\site-packages\selenium\webdriver\remote\webdriver.py", line 1074, in get_screenshot_as_base64
    return self.execute(Command.SCREENSHOT)['value']
  File "f:\web scrapping\yelp\venv\lib\site-packages\selenium\webdriver\remote\webdriver.py", line 321, in execute
    self.error_handler.check_response(response)
  File "f:\web scrapping\yelp\venv\lib\site-packages\selenium\webdriver\remote\errorhandler.py", line 242, in check_response
    raise exception_class(message, screen, stacktrace)
selenium.common.exceptions.WebDriverException: Message: chrome not reachable
  (Session info: chrome=83.0.4103.61)

2020-06-03 22:22:33 [scrapy] INFO: Closing spider (finished)
2020-06-03 22:22:36 [scrapy] INFO: Dumping Scrapy stats:
{'downloader/exception_count': 1,
 'downloader/exception_type_count/selenium.common.exceptions.WebDriverException': 1,
 'downloader/response_bytes': 21545935,
 'downloader/response_count': 33,
 'downloader/response_status_count/200': 33,
 'elapsed_time_seconds': 386.104802,
 'finish_reason': 'finished',
 'finish_time': datetime.datetime(2020, 6, 3, 16, 52, 33, 928900),
 'httpcache/firsthand': 33,
 'httpcache/store': 33,
 'log_count/DEBUG': 1116,
 'log_count/ERROR': 2,
 'log_count/INFO': 16,
 'request_depth_max': 33,
 'response_received_count': 33,
 'scheduler/dequeued': 34,
 'scheduler/dequeued/memory': 34,
 'scheduler/enqueued': 34,
 'scheduler/enqueued/memory': 34,
 'start_time': datetime.datetime(2020, 6, 3, 16, 46, 7, 824098)}
2020-06-03 22:22:36 [scrapy] INFO: Spider closed (finished)
