2020-06-03 22:16:39 [scrapy] DEBUG: Crawled (200) <GET https://www.yelp.com/> (referer: None)
2020-06-03 22:17:00 [scrapy] DEBUG: Crawled (200) <GET https://www.yelp.com/search?find_desc=Massage&find_loc=San+Diego%2C+CA&ns=1> (referer: https://www.yelp.com/)
2020-06-03 22:17:10 [scrapy] DEBUG: Crawled (200) <GET https://www.yelp.com/search?find_desc=Massage&find_loc=San%20Diego%2C%20CA&start=10> (referer: https://www.yelp.com/search?find_desc=Massage&find_loc=San+Diego%2C+CA&ns=1)
2020-06-03 22:17:20 [scrapy] DEBUG: Crawled (200) <GET https://www.yelp.com/search?find_desc=Massage&find_loc=San%20Diego%2C%20CA&start=20> (referer: https://www.yelp.com/search?find_desc=Massage&find_loc=San%20Diego%2C%20CA&start=10)
2020-06-03 22:17:31 [scrapy] DEBUG: Crawled (200) <GET https://www.yelp.com/search?find_desc=Massage&find_loc=San%20Diego%2C%20CA&start=30> (referer: https://www.yelp.com/search?find_desc=Massage&find_loc=San%20Diego%2C%20CA&start=20)
2020-06-03 22:17:42 [scrapy] DEBUG: Crawled (200) <GET https://www.yelp.com/search?find_desc=Massage&find_loc=San%20Diego%2C%20CA&start=40> (referer: https://www.yelp.com/search?find_desc=Massage&find_loc=San%20Diego%2C%20CA&start=30)
2020-06-03 22:17:52 [scrapy] DEBUG: Crawled (200) <GET https://www.yelp.com/search?find_desc=Massage&find_loc=San%20Diego%2C%20CA&start=50> (referer: https://www.yelp.com/search?find_desc=Massage&find_loc=San%20Diego%2C%20CA&start=40)
2020-06-03 22:18:03 [scrapy] DEBUG: Crawled (200) <GET https://www.yelp.com/search?find_desc=Massage&find_loc=San%20Diego%2C%20CA&start=60> (referer: https://www.yelp.com/search?find_desc=Massage&find_loc=San%20Diego%2C%20CA&start=50)
2020-06-03 22:18:14 [scrapy] DEBUG: Crawled (200) <GET https://www.yelp.com/search?find_desc=Massage&find_loc=San%20Diego%2C%20CA&start=70> (referer: https://www.yelp.com/search?find_desc=Massage&find_loc=San%20Diego%2C%20CA&start=60)
2020-06-03 22:18:25 [scrapy] DEBUG: Crawled (200) <GET https://www.yelp.com/search?find_desc=Massage&find_loc=San%20Diego%2C%20CA&start=80> (referer: https://www.yelp.com/search?find_desc=Massage&find_loc=San%20Diego%2C%20CA&start=70)
2020-06-03 22:18:36 [scrapy] DEBUG: Crawled (200) <GET https://www.yelp.com/search?find_desc=Massage&find_loc=San%20Diego%2C%20CA&start=90> (referer: https://www.yelp.com/search?find_desc=Massage&find_loc=San%20Diego%2C%20CA&start=80)
2020-06-03 22:18:46 [scrapy] DEBUG: Crawled (200) <GET https://www.yelp.com/search?find_desc=Massage&find_loc=San%20Diego%2C%20CA&start=100> (referer: https://www.yelp.com/search?find_desc=Massage&find_loc=San%20Diego%2C%20CA&start=90)
2020-06-03 22:18:56 [scrapy] DEBUG: Crawled (200) <GET https://www.yelp.com/search?find_desc=Massage&find_loc=San%20Diego%2C%20CA&start=110> (referer: https://www.yelp.com/search?find_desc=Massage&find_loc=San%20Diego%2C%20CA&start=100)
2020-06-03 22:19:07 [scrapy] DEBUG: Crawled (200) <GET https://www.yelp.com/search?find_desc=Massage&find_loc=San%20Diego%2C%20CA&start=120> (referer: https://www.yelp.com/search?find_desc=Massage&find_loc=San%20Diego%2C%20CA&start=110)
2020-06-03 22:19:17 [scrapy] DEBUG: Crawled (200) <GET https://www.yelp.com/search?find_desc=Massage&find_loc=San%20Diego%2C%20CA&start=130> (referer: https://www.yelp.com/search?find_desc=Massage&find_loc=San%20Diego%2C%20CA&start=120)
2020-06-03 22:19:27 [scrapy] DEBUG: Crawled (200) <GET https://www.yelp.com/search?find_desc=Massage&find_loc=San%20Diego%2C%20CA&start=140> (referer: https://www.yelp.com/search?find_desc=Massage&find_loc=San%20Diego%2C%20CA&start=130)
2020-06-03 22:19:37 [scrapy] DEBUG: Crawled (200) <GET https://www.yelp.com/search?find_desc=Massage&find_loc=San%20Diego%2C%20CA&start=150> (referer: https://www.yelp.com/search?find_desc=Massage&find_loc=San%20Diego%2C%20CA&start=140)
2020-06-03 22:19:48 [scrapy] DEBUG: Crawled (200) <GET https://www.yelp.com/search?find_desc=Massage&find_loc=San%20Diego%2C%20CA&start=160> (referer: https://www.yelp.com/search?find_desc=Massage&find_loc=San%20Diego%2C%20CA&start=150)
2020-06-03 22:19:57 [scrapy] DEBUG: Crawled (200) <GET https://www.yelp.com/search?find_desc=Massage&find_loc=San%20Diego%2C%20CA&start=170> (referer: https://www.yelp.com/search?find_desc=Massage&find_loc=San%20Diego%2C%20CA&start=160)
2020-06-03 22:20:07 [scrapy] DEBUG: Crawled (200) <GET https://www.yelp.com/search?find_desc=Massage&find_loc=San%20Diego%2C%20CA&start=180> (referer: https://www.yelp.com/search?find_desc=Massage&find_loc=San%20Diego%2C%20CA&start=170)
2020-06-03 22:20:17 [scrapy] DEBUG: Crawled (200) <GET https://www.yelp.com/search?find_desc=Massage&find_loc=San%20Diego%2C%20CA&start=190> (referer: https://www.yelp.com/search?find_desc=Massage&find_loc=San%20Diego%2C%20CA&start=180)
2020-06-03 22:20:27 [scrapy] DEBUG: Crawled (200) <GET https://www.yelp.com/search?find_desc=Massage&find_loc=San%20Diego%2C%20CA&start=200> (referer: https://www.yelp.com/search?find_desc=Massage&find_loc=San%20Diego%2C%20CA&start=190)
2020-06-03 22:20:37 [scrapy] DEBUG: Crawled (200) <GET https://www.yelp.com/search?find_desc=Massage&find_loc=San%20Diego%2C%20CA&start=210> (referer: https://www.yelp.com/search?find_desc=Massage&find_loc=San%20Diego%2C%20CA&start=200)
2020-06-03 22:20:47 [scrapy] DEBUG: Crawled (200) <GET https://www.yelp.com/search?find_desc=Massage&find_loc=San%20Diego%2C%20CA&start=220> (referer: https://www.yelp.com/search?find_desc=Massage&find_loc=San%20Diego%2C%20CA&start=210)
2020-06-03 22:20:56 [scrapy] DEBUG: Crawled (200) <GET https://www.yelp.com/search?find_desc=Massage&find_loc=San%20Diego%2C%20CA&start=230> (referer: https://www.yelp.com/search?find_desc=Massage&find_loc=San%20Diego%2C%20CA&start=220)
2020-06-03 22:21:06 [scrapy] DEBUG: Crawled (200) <GET https://www.yelp.com/search?find_desc=Massage&find_loc=San%20Diego%2C%20CA&start=240> (referer: https://www.yelp.com/search?find_desc=Massage&find_loc=San%20Diego%2C%20CA&start=230)
2020-06-03 22:21:16 [scrapy] DEBUG: Crawled (200) <GET https://www.yelp.com/search?find_desc=Massage&find_loc=San%20Diego%2C%20CA&start=250> (referer: https://www.yelp.com/search?find_desc=Massage&find_loc=San%20Diego%2C%20CA&start=240)
2020-06-03 22:21:25 [scrapy] DEBUG: Crawled (200) <GET https://www.yelp.com/search?find_desc=Massage&find_loc=San%20Diego%2C%20CA&start=260> (referer: https://www.yelp.com/search?find_desc=Massage&find_loc=San%20Diego%2C%20CA&start=250)
2020-06-03 22:21:35 [scrapy] DEBUG: Crawled (200) <GET https://www.yelp.com/search?find_desc=Massage&find_loc=San%20Diego%2C%20CA&start=270> (referer: https://www.yelp.com/search?find_desc=Massage&find_loc=San%20Diego%2C%20CA&start=260)
2020-06-03 22:21:45 [scrapy] DEBUG: Crawled (200) <GET https://www.yelp.com/search?find_desc=Massage&find_loc=San%20Diego%2C%20CA&start=280> (referer: https://www.yelp.com/search?find_desc=Massage&find_loc=San%20Diego%2C%20CA&start=270)
2020-06-03 22:21:56 [scrapy] DEBUG: Crawled (200) <GET https://www.yelp.com/search?find_desc=Massage&find_loc=San%20Diego%2C%20CA&start=290> (referer: https://www.yelp.com/search?find_desc=Massage&find_loc=San%20Diego%2C%20CA&start=280)
2020-06-03 22:22:08 [scrapy] DEBUG: Crawled (200) <GET https://www.yelp.com/search?find_desc=Massage&find_loc=San%20Diego%2C%20CA&start=300> (referer: https://www.yelp.com/search?find_desc=Massage&find_loc=San%20Diego%2C%20CA&start=290)
2020-06-03 22:22:31 [scrapy] ERROR: Spider error processing <GET https://www.yelp.com/search?find_desc=Massage&find_loc=San%20Diego%2C%20CA&start=300> (referer: https://www.yelp.com/search?find_desc=Massage&find_loc=San%20Diego%2C%20CA&start=290)
Traceback (most recent call last):
  File "f:\web scrapping\yelp\venv\lib\site-packages\scrapy\utils\defer.py", line 117, in iter_errback
    yield next(it)
  File "f:\web scrapping\yelp\venv\lib\site-packages\scrapy\utils\python.py", line 345, in __next__
    return next(self.data)
  File "f:\web scrapping\yelp\venv\lib\site-packages\scrapy\utils\python.py", line 345, in __next__
    return next(self.data)
  File "f:\web scrapping\yelp\venv\lib\site-packages\scrapy\core\spidermw.py", line 64, in _evaluate_iterable
    for r in iterable:
  File "f:\web scrapping\yelp\venv\lib\site-packages\scrapy\spidermiddlewares\offsite.py", line 29, in process_spider_output
    for x in result:
  File "f:\web scrapping\yelp\venv\lib\site-packages\scrapy\core\spidermw.py", line 64, in _evaluate_iterable
    for r in iterable:
  File "f:\web scrapping\yelp\venv\lib\site-packages\scrapy\spidermiddlewares\referer.py", line 338, in <genexpr>
    return (_set_referer(r) for r in result or ())
  File "f:\web scrapping\yelp\venv\lib\site-packages\scrapy\core\spidermw.py", line 64, in _evaluate_iterable
    for r in iterable:
  File "f:\web scrapping\yelp\venv\lib\site-packages\scrapy\spidermiddlewares\urllength.py", line 37, in <genexpr>
    return (r for r in result or () if _filter(r))
  File "f:\web scrapping\yelp\venv\lib\site-packages\scrapy\core\spidermw.py", line 64, in _evaluate_iterable
    for r in iterable:
  File "f:\web scrapping\yelp\venv\lib\site-packages\scrapy\spidermiddlewares\depth.py", line 58, in <genexpr>
    return (r for r in result or () if _filter(r))
  File "f:\web scrapping\yelp\venv\lib\site-packages\scrapy\core\spidermw.py", line 64, in _evaluate_iterable
    for r in iterable:
  File "F:\web scrapping\yelpsecondinput\yelpdetails\yelpdetails\spiders\yelpspider.py", line 72, in numberofpages
    html = driver.page_source
  File "f:\web scrapping\yelp\venv\lib\site-packages\selenium\webdriver\remote\webdriver.py", line 679, in page_source
    return self.execute(Command.GET_PAGE_SOURCE)['value']
  File "f:\web scrapping\yelp\venv\lib\site-packages\selenium\webdriver\remote\webdriver.py", line 321, in execute
    self.error_handler.check_response(response)
  File "f:\web scrapping\yelp\venv\lib\site-packages\selenium\webdriver\remote\errorhandler.py", line 242, in check_response
    raise exception_class(message, screen, stacktrace)
selenium.common.exceptions.WebDriverException: Message: chrome not reachable
  (Session info: chrome=83.0.4103.61)

2020-06-03 22:22:31 [scrapy] INFO: Closing spider (finished)
2020-06-03 22:22:33 [scrapy] INFO: Dumping Scrapy stats:
{'downloader/response_bytes': 15464214,
 'downloader/response_count': 32,
 'downloader/response_status_count/200': 32,
 'elapsed_time_seconds': 373.647238,
 'finish_reason': 'finished',
 'finish_time': datetime.datetime(2020, 6, 3, 16, 52, 31, 770157),
 'httpcache/firsthand': 32,
 'httpcache/store': 32,
 'log_count/DEBUG': 1095,
 'log_count/ERROR': 2,
 'log_count/INFO': 7,
 'request_depth_max': 31,
 'response_received_count': 32,
 'scheduler/dequeued': 32,
 'scheduler/dequeued/memory': 32,
 'scheduler/enqueued': 32,
 'scheduler/enqueued/memory': 32,
 'spider_exceptions/WebDriverException': 1,
 'start_time': datetime.datetime(2020, 6, 3, 16, 46, 18, 122919)}
2020-06-03 22:22:33 [scrapy] INFO: Spider closed (finished)
