2020-06-03 22:05:16 [scrapy] DEBUG: Crawled (200) <GET https://www.yelp.com/> (referer: None)
2020-06-03 22:05:42 [scrapy] DEBUG: Crawled (200) <GET https://www.yelp.com/search?find_desc=Japanese+Restaurants&find_loc=San+Diego%2C+CA&ns=1> (referer: https://www.yelp.com/)
2020-06-03 22:05:54 [scrapy] DEBUG: Crawled (200) <GET https://www.yelp.com/search?cflt=massage&find_loc=San%20Diego%2C%20CA&start=10> (referer: https://www.yelp.com/search?find_desc=Japanese+Restaurants&find_loc=San+Diego%2C+CA&ns=1)
2020-06-03 22:06:04 [scrapy] ERROR: Error downloading <GET https://www.yelp.com/search?cflt=massage&find_loc=San%20Diego%2C%20CA&start=20>
Traceback (most recent call last):
  File "f:\web scrapping\yelp\venv\lib\site-packages\twisted\internet\defer.py", line 1418, in _inlineCallbacks
    result = g.send(result)
  File "f:\web scrapping\yelp\venv\lib\site-packages\scrapy\core\downloader\middleware.py", line 36, in process_request
    response = yield deferred_from_coro(method(request=request, spider=spider))
  File "f:\web scrapping\yelp\venv\lib\site-packages\scrapy_selenium\middlewares.py", line 100, in process_request
    request.meta['screenshot'] = self.driver.get_screenshot_as_png()
  File "f:\web scrapping\yelp\venv\lib\site-packages\selenium\webdriver\remote\webdriver.py", line 1064, in get_screenshot_as_png
    return base64.b64decode(self.get_screenshot_as_base64().encode('ascii'))
  File "f:\web scrapping\yelp\venv\lib\site-packages\selenium\webdriver\remote\webdriver.py", line 1074, in get_screenshot_as_base64
    return self.execute(Command.SCREENSHOT)['value']
  File "f:\web scrapping\yelp\venv\lib\site-packages\selenium\webdriver\remote\webdriver.py", line 321, in execute
    self.error_handler.check_response(response)
  File "f:\web scrapping\yelp\venv\lib\site-packages\selenium\webdriver\remote\errorhandler.py", line 241, in check_response
    raise exception_class(message, screen, stacktrace, alert_text)
selenium.common.exceptions.UnexpectedAlertPresentException: Alert Text: Oops! Something went wrong. Please try again.
Message: unexpected alert open: {Alert text : Oops! Something went wrong. Please try again.}
  (Session info: chrome=83.0.4103.61)

2020-06-03 22:06:11 [scrapy] INFO: Closing spider (finished)
2020-06-03 22:06:13 [scrapy] INFO: Dumping Scrapy stats:
{'downloader/exception_count': 1,
 'downloader/exception_type_count/selenium.common.exceptions.UnexpectedAlertPresentException': 1,
 'downloader/response_bytes': 2780290,
 'downloader/response_count': 3,
 'downloader/response_status_count/200': 3,
 'elapsed_time_seconds': 71.676732,
 'finish_reason': 'finished',
 'finish_time': datetime.datetime(2020, 6, 3, 16, 36, 11, 438320),
 'httpcache/firsthand': 3,
 'httpcache/store': 3,
 'log_count/DEBUG': 180,
 'log_count/ERROR': 1,
 'log_count/INFO': 7,
 'request_depth_max': 3,
 'response_received_count': 3,
 'scheduler/dequeued': 4,
 'scheduler/dequeued/memory': 4,
 'scheduler/enqueued': 4,
 'scheduler/enqueued/memory': 4,
 'start_time': datetime.datetime(2020, 6, 3, 16, 34, 59, 761588)}
2020-06-03 22:06:13 [scrapy] INFO: Spider closed (finished)
