2020-06-02 21:41:20 [scrapy] DEBUG: Crawled (200) <GET https://www.yelp.com/> (referer: None)
2020-06-02 21:41:38 [scrapy] DEBUG: Crawled (200) <GET https://www.yelp.com/search?find_desc=F%3A%5Cweb+scrapping%5Cyelpsecondinput%5Cyelpdetails%5Cweb%5Coption.txt&find_loc=F%3A%5Cweb+scrapping%5Cyelpsecondinput%5Cyelpdetails%5Cweb%5Clocation.txt&ns=1> (referer: https://www.yelp.com/)
2020-06-02 21:41:41 [scrapy] ERROR: Spider error processing <GET https://www.yelp.com/search?find_desc=F%3A%5Cweb+scrapping%5Cyelpsecondinput%5Cyelpdetails%5Cweb%5Coption.txt&find_loc=F%3A%5Cweb+scrapping%5Cyelpsecondinput%5Cyelpdetails%5Cweb%5Clocation.txt&ns=1> (referer: https://www.yelp.com/)
Traceback (most recent call last):
  File "f:\web scrapping\yelp\venv\lib\site-packages\scrapy\utils\defer.py", line 117, in iter_errback
    yield next(it)
  File "f:\web scrapping\yelp\venv\lib\site-packages\scrapy\utils\python.py", line 345, in __next__
    return next(self.data)
  File "f:\web scrapping\yelp\venv\lib\site-packages\scrapy\utils\python.py", line 345, in __next__
    return next(self.data)
  File "f:\web scrapping\yelp\venv\lib\site-packages\scrapy\core\spidermw.py", line 64, in _evaluate_iterable
    for r in iterable:
  File "f:\web scrapping\yelp\venv\lib\site-packages\scrapy\spidermiddlewares\offsite.py", line 29, in process_spider_output
    for x in result:
  File "f:\web scrapping\yelp\venv\lib\site-packages\scrapy\core\spidermw.py", line 64, in _evaluate_iterable
    for r in iterable:
  File "f:\web scrapping\yelp\venv\lib\site-packages\scrapy\spidermiddlewares\referer.py", line 338, in <genexpr>
    return (_set_referer(r) for r in result or ())
  File "f:\web scrapping\yelp\venv\lib\site-packages\scrapy\core\spidermw.py", line 64, in _evaluate_iterable
    for r in iterable:
  File "f:\web scrapping\yelp\venv\lib\site-packages\scrapy\spidermiddlewares\urllength.py", line 37, in <genexpr>
    return (r for r in result or () if _filter(r))
  File "f:\web scrapping\yelp\venv\lib\site-packages\scrapy\core\spidermw.py", line 64, in _evaluate_iterable
    for r in iterable:
  File "f:\web scrapping\yelp\venv\lib\site-packages\scrapy\spidermiddlewares\depth.py", line 58, in <genexpr>
    return (r for r in result or () if _filter(r))
  File "f:\web scrapping\yelp\venv\lib\site-packages\scrapy\core\spidermw.py", line 64, in _evaluate_iterable
    for r in iterable:
  File "F:\web scrapping\yelpsecondinput\yelpdetails\yelpdetails\spiders\yelpspider.py", line 96, in numberofpages
    url=page[0],
IndexError: list index out of range
2020-06-02 21:41:46 [scrapy] INFO: Closing spider (finished)
2020-06-02 21:41:48 [scrapy] INFO: Dumping Scrapy stats:
{'downloader/response_bytes': 1219198,
 'downloader/response_count': 2,
 'downloader/response_status_count/200': 2,
 'elapsed_time_seconds': 32.830378,
 'finish_reason': 'finished',
 'finish_time': datetime.datetime(2020, 6, 2, 16, 11, 46, 46332),
 'httpcache/firsthand': 2,
 'httpcache/store': 2,
 'log_count/DEBUG': 85,
 'log_count/ERROR': 1,
 'log_count/INFO': 13,
 'request_depth_max': 1,
 'response_received_count': 2,
 'scheduler/dequeued': 2,
 'scheduler/dequeued/memory': 2,
 'scheduler/enqueued': 2,
 'scheduler/enqueued/memory': 2,
 'spider_exceptions/IndexError': 1,
 'start_time': datetime.datetime(2020, 6, 2, 16, 11, 13, 215954)}
2020-06-02 21:41:48 [scrapy] INFO: Spider closed (finished)
